\BOOKMARK [0][-]{table.caption.2}{\376\377\000A\000C\000K\000N\000O\000W\000L\000E\000D\000G\000M\000E\000N\000T}{}% 1
\BOOKMARK [0][-]{table.caption.2}{\376\377\000A\000B\000S\000T\000R\000A\000C\000T}{}% 2
\BOOKMARK [0][-]{chapter.1}{\376\377\000I\000N\000T\000R\000O\000D\000U\000C\000T\000I\000O\000N}{}% 3
\BOOKMARK [1][-]{section.1.1}{\376\377\000M\000o\000t\000i\000v\000a\000t\000i\000o\000n}{chapter.1}% 4
\BOOKMARK [1][-]{section.1.2}{\376\377\000O\000b\000j\000e\000c\000t\000i\000v\000e\000s\000\040\000a\000n\000d\000\040\000S\000c\000o\000p\000e\000\040\000o\000f\000\040\000t\000h\000e\000\040\000G\000r\000a\000d\000u\000a\000t\000i\000o\000n\000\040\000T\000h\000e\000s\000i\000s}{chapter.1}% 5
\BOOKMARK [1][-]{section.1.3}{\376\377\000T\000e\000n\000t\000a\000t\000i\000v\000e\000\040\000S\000o\000l\000u\000t\000i\000o\000n}{chapter.1}% 6
\BOOKMARK [1][-]{section.1.4}{\376\377\000T\000h\000e\000s\000i\000s\000\040\000O\000r\000g\000a\000n\000i\000z\000a\000t\000i\000o\000n}{chapter.1}% 7
\BOOKMARK [0][-]{chapter.2}{\376\377\000R\000E\000Q\000U\000I\000R\000E\000M\000E\000N\000T\000\040\000S\000U\000R\000V\000E\000Y\000\040\000A\000N\000D\000\040\000A\000N\000A\000L\000Y\000S\000I\000S}{}% 8
\BOOKMARK [1][-]{section.2.1}{\376\377\000S\000t\000a\000t\000u\000s\000\040\000S\000u\000r\000v\000e\000y}{chapter.2}% 9
\BOOKMARK [1][-]{section.2.2}{\376\377\000F\000u\000n\000c\000t\000i\000o\000n\000a\000l\000\040\000O\000v\000e\000r\000v\000i\000e\000w}{chapter.2}% 10
\BOOKMARK [2][-]{subsection.2.2.1}{\376\377\000G\000e\000n\000e\000r\000a\000l\000\040\000U\000s\000e\000\040\000C\000a\000s\000e\000\040\000D\000i\000a\000g\000r\000a\000m}{section.2.2}% 11
\BOOKMARK [2][-]{subsection.2.2.2}{\376\377\000D\000e\000t\000a\000i\000l\000e\000d\000\040\000U\000s\000e\000\040\000C\000a\000s\000e\000\040\000D\000i\000a\000g\000r\000a\000m\000s}{section.2.2}% 12
\BOOKMARK [2][-]{subsection.2.2.3}{\376\377\000B\000u\000s\000i\000n\000e\000s\000s\000\040\000P\000r\000o\000c\000e\000s\000s}{section.2.2}% 13
\BOOKMARK [1][-]{section.2.3}{\376\377\000F\000u\000n\000c\000t\000i\000o\000n\000a\000l\000\040\000D\000e\000s\000c\000r\000i\000p\000t\000i\000o\000n}{chapter.2}% 14
\BOOKMARK [2][-]{subsection.2.3.1}{\376\377\000C\000o\000n\000f\000i\000r\000m\000\040\000G\000o\000o\000d\000s\000\040\000I\000s\000s\000u\000e\000\040\000\050\000F\000E\000F\000O\000\051}{section.2.3}% 15
\BOOKMARK [2][-]{subsection.2.3.2}{\376\377\000A\000p\000p\000r\000o\000v\000e\000\040\000S\000a\000l\000e\000s\000\040\000O\000r\000d\000e\000r\000\040\000\050\000I\000n\000v\000e\000n\000t\000o\000r\000y\000\040\000R\000e\000s\000e\000r\000v\000a\000t\000i\000o\000n\000\051}{section.2.3}% 16
\BOOKMARK [2][-]{subsection.2.3.3}{\376\377\000C\000o\000n\000f\000i\000r\000m\000\040\000G\000o\000o\000d\000s\000\040\000R\000e\000c\000e\000i\000p\000t}{section.2.3}% 17
\BOOKMARK [2][-]{subsection.2.3.4}{\376\377\000A\000s\000s\000i\000g\000n\000\040\000a\000n\000d\000\040\000E\000x\000e\000c\000u\000t\000e\000\040\000D\000e\000l\000i\000v\000e\000r\000y\000\040\000T\000r\000i\000p}{section.2.3}% 18
\BOOKMARK [1][-]{section.2.4}{\376\377\000N\000o\000n\000-\000F\000u\000n\000c\000t\000i\000o\000n\000a\000l\000\040\000R\000e\000q\000u\000i\000r\000e\000m\000e\000n\000t\000s}{chapter.2}% 19
\BOOKMARK [0][-]{chapter.3}{\376\377\000T\000H\000E\000O\000R\000E\000T\000I\000C\000A\000L\000\040\000B\000A\000C\000K\000G\000R\000O\000U\000N\000D\000\040\000A\000N\000D\000\040\000T\000E\000C\000H\000N\000O\000L\000O\000G\000I\000E\000S}{}% 20
\BOOKMARK [1][-]{section.3.1}{\376\377\000I\000n\000v\000e\000n\000t\000o\000r\000y\000\040\000M\000a\000n\000a\000g\000e\000m\000e\000n\000t\000\040\000T\000h\000e\000o\000r\000y}{chapter.3}% 21
\BOOKMARK [1][-]{section.3.2}{\376\377\000B\000a\000c\000k\000e\000n\000d\000\040\000T\000e\000c\000h\000n\000o\000l\000o\000g\000i\000e\000s}{chapter.3}% 22
\BOOKMARK [1][-]{section.3.3}{\376\377\000F\000r\000o\000n\000t\000e\000n\000d\000\040\000T\000e\000c\000h\000n\000o\000l\000o\000g\000i\000e\000s}{chapter.3}% 23
\BOOKMARK [1][-]{section.3.4}{\376\377\000D\000a\000t\000a\000b\000a\000s\000e\000\040\040\024\000\040\000P\000o\000s\000t\000g\000r\000e\000S\000Q\000L}{chapter.3}% 24
\BOOKMARK [1][-]{section.3.5}{\376\377\000A\000u\000t\000h\000e\000n\000t\000i\000c\000a\000t\000i\000o\000n\000\040\000a\000n\000d\000\040\000A\000u\000t\000h\000o\000r\000i\000z\000a\000t\000i\000o\000n}{chapter.3}% 25
\BOOKMARK [0][-]{chapter.4}{\376\377\000D\000E\000S\000I\000G\000N\000,\000\040\000I\000M\000P\000L\000E\000M\000E\000N\000T\000A\000T\000I\000O\000N\000,\000\040\000A\000N\000D\000\040\000E\000V\000A\000L\000U\000A\000T\000I\000O\000N}{}% 26
\BOOKMARK [1][-]{section.4.1}{\376\377\000A\000r\000c\000h\000i\000t\000e\000c\000t\000u\000r\000e\000\040\000D\000e\000s\000i\000g\000n}{chapter.4}% 27
\BOOKMARK [2][-]{subsection.4.1.1}{\376\377\000S\000o\000f\000t\000w\000a\000r\000e\000\040\000A\000r\000c\000h\000i\000t\000e\000c\000t\000u\000r\000e\000\040\000S\000e\000l\000e\000c\000t\000i\000o\000n}{section.4.1}% 28
\BOOKMARK [2][-]{subsection.4.1.2}{\376\377\000O\000v\000e\000r\000a\000l\000l\000\040\000D\000e\000s\000i\000g\000n}{section.4.1}% 29
\BOOKMARK [2][-]{subsection.4.1.3}{\376\377\000D\000e\000t\000a\000i\000l\000e\000d\000\040\000P\000a\000c\000k\000a\000g\000e\000\040\000D\000e\000s\000i\000g\000n}{section.4.1}% 30
\BOOKMARK [1][-]{section.4.2}{\376\377\000D\000e\000t\000a\000i\000l\000e\000d\000\040\000D\000e\000s\000i\000g\000n}{chapter.4}% 31
\BOOKMARK [2][-]{subsection.4.2.1}{\376\377\000U\000s\000e\000r\000\040\000I\000n\000t\000e\000r\000f\000a\000c\000e\000\040\000D\000e\000s\000i\000g\000n}{section.4.2}% 32
\BOOKMARK [2][-]{subsection.4.2.2}{\376\377\000L\000a\000y\000e\000r\000\040\000D\000e\000s\000i\000g\000n}{section.4.2}% 33
\BOOKMARK [2][-]{subsection.4.2.3}{\376\377\000D\000a\000t\000a\000b\000a\000s\000e\000\040\000D\000e\000s\000i\000g\000n}{section.4.2}% 34
\BOOKMARK [1][-]{section.4.3}{\376\377\000A\000p\000p\000l\000i\000c\000a\000t\000i\000o\000n\000\040\000B\000u\000i\000l\000d\000i\000n\000g}{chapter.4}% 35
\BOOKMARK [2][-]{subsection.4.3.1}{\376\377\000L\000i\000b\000r\000a\000r\000i\000e\000s\000\040\000a\000n\000d\000\040\000T\000o\000o\000l\000s}{section.4.3}% 36
\BOOKMARK [2][-]{subsection.4.3.2}{\376\377\000A\000c\000h\000i\000e\000v\000e\000m\000e\000n\000t}{section.4.3}% 37
\BOOKMARK [2][-]{subsection.4.3.3}{\376\377\000I\000l\000l\000u\000s\000t\000r\000a\000t\000i\000o\000n\000\040\000o\000f\000\040\000M\000a\000i\000n\000\040\000F\000u\000n\000c\000t\000i\000o\000n\000s}{section.4.3}% 38
\BOOKMARK [1][-]{section.4.4}{\376\377\000T\000e\000s\000t\000i\000n\000g}{chapter.4}% 39
\BOOKMARK [1][-]{section.4.5}{\376\377\000D\000e\000p\000l\000o\000y\000m\000e\000n\000t}{chapter.4}% 40
\BOOKMARK [0][-]{chapter.5}{\376\377\000S\000O\000L\000U\000T\000I\000O\000N\000\040\000A\000N\000D\000\040\000C\000O\000N\000T\000R\000I\000B\000U\000T\000I\000O\000N}{}% 41
\BOOKMARK [1][-]{section.5.1}{\376\377\000F\000E\000F\000O\000\040\000L\000o\000t\000-\000A\000l\000l\000o\000c\000a\000t\000i\000o\000n\000\040\000M\000e\000c\000h\000a\000n\000i\000s\000m}{chapter.5}% 42
\BOOKMARK [1][-]{section.5.2}{\376\377\000I\000n\000v\000e\000n\000t\000o\000r\000y\000\040\000R\000e\000s\000e\000r\000v\000a\000t\000i\000o\000n\000\040\000o\000n\000\040\000O\000r\000d\000e\000r\000\040\000A\000p\000p\000r\000o\000v\000a\000l}{chapter.5}% 43
\BOOKMARK [1][-]{section.5.3}{\376\377\000F\000a\000i\000l\000e\000d\000-\000D\000e\000l\000i\000v\000e\000r\000y\000\040\000R\000e\000c\000o\000v\000e\000r\000y}{chapter.5}% 44
\BOOKMARK [1][-]{section.5.4}{\376\377\000R\000o\000l\000e\000-\000B\000a\000s\000e\000d\000\040\000W\000o\000r\000k\000f\000l\000o\000w\000\040\000E\000n\000f\000o\000r\000c\000e\000m\000e\000n\000t}{chapter.5}% 45
\BOOKMARK [0][-]{chapter.6}{\376\377\000C\000O\000N\000C\000L\000U\000S\000I\000O\000N\000\040\000A\000N\000D\000\040\000F\000U\000T\000U\000R\000E\000\040\000W\000O\000R\000K}{}% 46
\BOOKMARK [1][-]{section.6.1}{\376\377\000C\000o\000n\000c\000l\000u\000s\000i\000o\000n}{chapter.6}% 47
\BOOKMARK [1][-]{section.6.2}{\376\377\000F\000u\000t\000u\000r\000e\000\040\000W\000o\000r\000k}{chapter.6}% 48
\BOOKMARK [0][-]{section*.31}{\376\377\000R\000E\000F\000E\000R\000E\000N\000C\000E}{}% 49
\BOOKMARK [0][-]{section*.32}{\376\377\000A\000P\000P\000E\000N\000D\000I\000X}{}% 50
\BOOKMARK [0][-]{appendix.1.A}{\376\377\000A\000D\000D\000I\000T\000I\000O\000N\000A\000L\000\040\000U\000S\000E\000\040\000C\000A\000S\000E\000\040\000D\000E\000S\000C\000R\000I\000P\000T\000I\000O\000N\000S}{}% 51
