Rc files read (in order):
  NONE
Latexmk: This is Latexmk, John Collins, 9 March 2026. Version 4.88.
No existing .aux file, so I'll make a simple one, and require run of *latex.
Latexmk: applying rule 'pdflatex'...
Rule 'pdflatex':  Reasons for rerun
Category 'other':
  Rerun of 'pdflatex' forced or previously required:
    Reason or flag: 'Initial setup'

------------
Run number 1 of rule 'pdflatex'
------------
------------
Running 'pdflatex -interaction=nonstopmode -synctex=1  -interaction=nonstopmode -recorder -output-directory="build"  "main_datn.tex"'
------------
This is pdfTeX, Version 3.141592653-2.6-1.40.29 (TeX Live 2026) (preloaded format=pdflatex)
 restricted \write18 enabled.
entering extended mode
(./main_datn.tex
LaTeX2e <2025-11-01>
L3 programming layer <2026-01-19>
(/usr/local/texlive/2026/texmf-dist/tex/latex/base/report.cls
Document Class: report 2025/01/22 v1.4n Standard LaTeX document class
(/usr/local/texlive/2026/texmf-dist/tex/latex/base/size10.clo))
(/usr/local/texlive/2026/texmf-dist/tex/latex/koma-script/scrextend.sty
(/usr/local/texlive/2026/texmf-dist/tex/latex/koma-script/scrkbase.sty
(/usr/local/texlive/2026/texmf-dist/tex/latex/koma-script/scrbase.sty
(/usr/local/texlive/2026/texmf-dist/tex/latex/koma-script/scrlfile.sty
(/usr/local/texlive/2026/texmf-dist/tex/latex/koma-script/scrlfile-hook.sty
(/usr/local/texlive/2026/texmf-dist/tex/latex/koma-script/scrlogo.sty)))
(/usr/local/texlive/2026/texmf-dist/tex/latex/graphics/keyval.sty))))

LaTeX Font Warning: Font shape `OT1/cmr/m/n' in size <13> not available
(Font)              size <12> substituted on input line 10.

(/usr/local/texlive/2026/texmf-dist/tex/latex/vntex/vietnam.sty
(/usr/local/texlive/2026/texmf-dist/tex/latex/base/ifthen.sty)
(/usr/local/texlive/2026/texmf-dist/tex/latex/base/fontenc.sty
(/usr/local/texlive/2026/texmf-dist/tex/latex/vntex/t5enc.def
(/usr/local/texlive/2026/texmf-dist/tex/latex/vntex/t5enc.dfu))
(/usr/local/texlive/2026/texmf-dist/tex/latex/vntex/t5cmr.fd))
(/usr/local/texlive/2026/texmf-dist/tex/latex/base/inputenc.sty)
(/usr/local/texlive/2026/texmf-dist/tex/latex/vntex/vncaps.tex))
(/usr/local/texlive/2026/texmf-dist/tex/latex/geometry/geometry.sty
(/usr/local/texlive/2026/texmf-dist/tex/generic/iftex/ifvtex.sty
(/usr/local/texlive/2026/texmf-dist/tex/generic/iftex/iftex.sty)))
(/usr/local/texlive/2026/texmf-dist/tex/latex/graphics/graphicx.sty
(/usr/local/texlive/2026/texmf-dist/tex/latex/graphics/graphics.sty
(/usr/local/texlive/2026/texmf-dist/tex/latex/graphics/trig.sty)
(/usr/local/texlive/2026/texmf-dist/tex/latex/graphics-cfg/graphics.cfg)
(/usr/local/texlive/2026/texmf-dist/tex/latex/graphics-def/pdftex.def)))
(/usr/local/texlive/2026/texmf-dist/tex/latex/fancybox/fancybox.sty
Style option: `fancybox' v1.4 <2010/05/15> (tvz)
) (/usr/local/texlive/2026/texmf-dist/tex/latex/tools/indentfirst.sty)
(/usr/local/texlive/2026/texmf-dist/tex/latex/amscls/amsthm.sty)
(/usr/local/texlive/2026/texmf-dist/tex/latex/base/latexsym.sty)
(/usr/local/texlive/2026/texmf-dist/tex/latex/amsmath/amsmath.sty
For additional information on amsmath, use the `?' option.
(/usr/local/texlive/2026/texmf-dist/tex/latex/amsmath/amstext.sty
(/usr/local/texlive/2026/texmf-dist/tex/latex/amsmath/amsgen.sty))
(/usr/local/texlive/2026/texmf-dist/tex/latex/amsmath/amsbsy.sty)
(/usr/local/texlive/2026/texmf-dist/tex/latex/amsmath/amsopn.sty))
(/usr/local/texlive/2026/texmf-dist/tex/latex/amsfonts/amssymb.sty
(/usr/local/texlive/2026/texmf-dist/tex/latex/amsfonts/amsfonts.sty))
(/usr/local/texlive/2026/texmf-dist/tex/latex/psnfss/times.sty)
(/usr/local/texlive/2026/texmf-dist/tex/latex/tools/array.sty)
(/usr/local/texlive/2026/texmf-dist/tex/latex/enumitem/enumitem.sty)
(/usr/local/texlive/2026/texmf-dist/tex/latex/subfiles/subfiles.sty
(/usr/local/texlive/2026/texmf-dist/tex/latex/import/import.sty))
(/usr/local/texlive/2026/texmf-dist/tex/latex/titlesec/titlesec.sty)
(/usr/local/texlive/2026/texmf-dist/tex/latex/titlesec/titletoc.sty)
(/usr/local/texlive/2026/texmf-dist/tex/latex/chngcntr/chngcntr.sty)
(/usr/local/texlive/2026/texmf-dist/tex/latex/pdflscape/pdflscape.sty
(/usr/local/texlive/2026/texmf-dist/tex/latex/pdflscape/pdflscape-nometadata.st
y (/usr/local/texlive/2026/texmf-dist/tex/latex/graphics/lscape.sty)))
(/usr/local/texlive/2026/texmf-dist/tex/latex/tools/afterpage.sty)
(/usr/local/texlive/2026/texmf-dist/tex/latex/algorithm2e/algorithm2e.sty
(/usr/local/texlive/2026/texmf-dist/tex/latex/ifoddpage/ifoddpage.sty)
(/usr/local/texlive/2026/texmf-dist/tex/latex/tools/xspace.sty)
(/usr/local/texlive/2026/texmf-dist/tex/latex/relsize/relsize.sty))
(/usr/local/texlive/2026/texmf-dist/tex/latex/capt-of/capt-of.sty)
(/usr/local/texlive/2026/texmf-dist/tex/latex/multirow/multirow.sty)
(/usr/local/texlive/2026/texmf-dist/tex/latex/fancyhdr/fancyhdr.sty)
(/usr/local/texlive/2026/texmf-dist/tex/latex/appendix/appendix.sty)
(/usr/local/texlive/2026/texmf-dist/tex/latex/outlines/outlines.sty)
(/usr/local/texlive/2026/texmf-dist/tex/latex/caption/caption.sty
(/usr/local/texlive/2026/texmf-dist/tex/latex/caption/caption3.sty))
(/usr/local/texlive/2026/texmf-dist/tex/latex/listings/listings.sty
(/usr/local/texlive/2026/texmf-dist/tex/latex/listings/lstpatch.sty)
(/usr/local/texlive/2026/texmf-dist/tex/latex/listings/lstmisc.sty)
(/usr/local/texlive/2026/texmf-dist/tex/latex/listings/listings.cfg))
==> First Aid for listings.sty no longer applied!
    Expected:
        2024/09/23 1.10c (Carsten Heinz)
    but found:
        2025/11/14 1.11b (Carsten Heinz)
    so I'm assuming it got fixed.
(/usr/local/texlive/2026/texmf-dist/tex/latex/float/float.sty)
(/usr/local/texlive/2026/texmf-dist/tex/latex/caption/subcaption.sty)
(/usr/local/texlive/2026/texmf-dist/tex/latex/xurl/xurl.sty
(/usr/local/texlive/2026/texmf-dist/tex/latex/url/url.sty))
(/usr/local/texlive/2026/texmf-dist/tex/latex/tools/longtable.sty)
(/usr/local/texlive/2026/texmf-dist/tex/latex/booktabs/booktabs.sty)
(/usr/local/texlive/2026/texmf-dist/tex/latex/glossaries/base/glossaries.sty
(/usr/local/texlive/2026/texmf-dist/tex/latex/xkeyval/xkeyval.sty
(/usr/local/texlive/2026/texmf-dist/tex/generic/xkeyval/xkeyval.tex
(/usr/local/texlive/2026/texmf-dist/tex/generic/xkeyval/xkvutils.tex)))
(/usr/local/texlive/2026/texmf-dist/tex/latex/mfirstuc/mfirstuc.sty
(/usr/local/texlive/2026/texmf-dist/tex/latex/etoolbox/etoolbox.sty))
(/usr/local/texlive/2026/texmf-dist/tex/latex/xfor/xfor.sty)
(/usr/local/texlive/2026/texmf-dist/tex/latex/datatool/datatool-base.sty
(/usr/local/texlive/2026/texmf-dist/tex/latex/tracklang/tracklang.sty
(/usr/local/texlive/2026/texmf-dist/tex/generic/tracklang/tracklang.tex))
(/usr/local/texlive/2026/texmf-dist/tex/latex/datatool/datatool-l3fp.def)
(/usr/local/texlive/2026/texmf-dist/tex/latex/datatool/datatool-utf8.ldf))
(/usr/local/texlive/2026/texmf-dist/tex/latex/glossaries/styles/glossary-hypern
av.sty)
(/usr/local/texlive/2026/texmf-dist/tex/latex/glossaries/styles/glossary-list.s
ty)
(/usr/local/texlive/2026/texmf-dist/tex/latex/glossaries/styles/glossary-long.s
ty)
(/usr/local/texlive/2026/texmf-dist/tex/latex/glossaries/styles/glossary-super.
sty (/usr/local/texlive/2026/texmf-dist/tex/latex/supertabular/supertabular.sty
))
(/usr/local/texlive/2026/texmf-dist/tex/latex/glossaries/styles/glossary-tree.s
ty))
(/usr/local/texlive/2026/texmf-dist/tex/latex/glossaries/styles/glossary-superr
agged.sty) (/usr/local/texlive/2026/texmf-dist/tex/latex/setspace/setspace.sty)
 (/usr/local/texlive/2026/texmf-dist/tex/latex/parskip/parskip.sty
(/usr/local/texlive/2026/texmf-dist/tex/latex/kvoptions/kvoptions.sty
(/usr/local/texlive/2026/texmf-dist/tex/generic/ltxcmds/ltxcmds.sty)
(/usr/local/texlive/2026/texmf-dist/tex/latex/kvsetkeys/kvsetkeys.sty)))
(/usr/local/texlive/2026/texmf-dist/tex/latex/koma-script/tocbasic.sty)
(/usr/local/texlive/2026/texmf-dist/tex/latex/blindtext/blindtext.sty)
(/usr/local/texlive/2026/texmf-dist/tex/latex/biblatex/biblatex.sty
(/usr/local/texlive/2026/texmf-dist/tex/generic/pdftexcmds/pdftexcmds.sty
(/usr/local/texlive/2026/texmf-dist/tex/generic/infwarerr/infwarerr.sty))
(/usr/local/texlive/2026/texmf-dist/tex/latex/logreq/logreq.sty
(/usr/local/texlive/2026/texmf-dist/tex/latex/logreq/logreq.def))
(/usr/local/texlive/2026/texmf-dist/tex/latex/biblatex/blx-dm.def)
(/usr/local/texlive/2026/texmf-dist/tex/latex/biblatex/blx-compat.def)
(/usr/local/texlive/2026/texmf-dist/tex/latex/biblatex/blx-bibtex.def

Package biblatex Warning: Using fall-back bibtex backend:
(biblatex)                functionality may be reduced/unavailable.

) (/usr/local/texlive/2026/texmf-dist/tex/latex/biblatex/biblatex.def)
(/usr/local/texlive/2026/texmf-dist/tex/latex/biblatex-ieee/ieee.bbx
(/usr/local/texlive/2026/texmf-dist/tex/latex/biblatex/bbx/numeric-comp.bbx
(/usr/local/texlive/2026/texmf-dist/tex/latex/biblatex/bbx/numeric.bbx
(/usr/local/texlive/2026/texmf-dist/tex/latex/biblatex/bbx/standard.bbx))))
(/usr/local/texlive/2026/texmf-dist/tex/latex/biblatex-ieee/ieee.cbx
(/usr/local/texlive/2026/texmf-dist/tex/latex/biblatex/cbx/numeric-verb.cbx))
(/usr/local/texlive/2026/texmf-dist/tex/latex/biblatex/biblatex.cfg)
(/usr/local/texlive/2026/texmf-dist/tex/latex/l3kernel/expl3.sty
(/usr/local/texlive/2026/texmf-dist/tex/latex/l3backend/l3backend-pdftex.def))
(/usr/local/texlive/2026/texmf-dist/tex/latex/biblatex/blx-case-expl3.sty
(/usr/local/texlive/2026/texmf-dist/tex/latex/l3packages/xparse/xparse.sty)))

LaTeX Warning: \include should only be used after \begin{document} on input lin
e 69.

(./lstlisting.tex
(/usr/local/texlive/2026/texmf-dist/tex/latex/xcolor/xcolor.sty
(/usr/local/texlive/2026/texmf-dist/tex/latex/graphics-cfg/color.cfg)
(/usr/local/texlive/2026/texmf-dist/tex/latex/graphics/mathcolor.ltx)))
(./glossary.tex)
(/usr/local/texlive/2026/texmf-dist/tex/latex/hyperref/hyperref.sty
(/usr/local/texlive/2026/texmf-dist/tex/generic/kvdefinekeys/kvdefinekeys.sty)
(/usr/local/texlive/2026/texmf-dist/tex/generic/pdfescape/pdfescape.sty)
(/usr/local/texlive/2026/texmf-dist/tex/latex/hycolor/hycolor.sty)
(/usr/local/texlive/2026/texmf-dist/tex/latex/hyperref/nameref.sty
(/usr/local/texlive/2026/texmf-dist/tex/latex/refcount/refcount.sty)
(/usr/local/texlive/2026/texmf-dist/tex/generic/gettitlestring/gettitlestring.s
ty)) (/usr/local/texlive/2026/texmf-dist/tex/generic/stringenc/stringenc.sty)
(/usr/local/texlive/2026/texmf-dist/tex/latex/hyperref/pd1enc.def)
(/usr/local/texlive/2026/texmf-dist/tex/generic/intcalc/intcalc.sty)
(/usr/local/texlive/2026/texmf-dist/tex/latex/hyperref/puenc.def)
(/usr/local/texlive/2026/texmf-dist/tex/generic/bitset/bitset.sty
(/usr/local/texlive/2026/texmf-dist/tex/generic/bigintcalc/bigintcalc.sty)))
(/usr/local/texlive/2026/texmf-dist/tex/latex/hyperref/hpdftex.def
(/usr/local/texlive/2026/texmf-dist/tex/latex/rerunfilecheck/rerunfilecheck.sty

(/usr/local/texlive/2026/texmf-dist/tex/generic/uniquecounter/uniquecounter.sty
))) (/usr/local/texlive/2026/texmf-dist/tex/latex/hypcap/hypcap.sty
(/usr/local/texlive/2026/texmf-dist/tex/latex/letltxmacro/letltxmacro.sty))
(/usr/local/texlive/2026/texmf-dist/tex/latex/vntex/t5ptm.fd)

LaTeX Warning: Unused global option(s):
    [13pt,3p].

(build/main_datn.aux)
*geometry* driver: auto-detecting
*geometry* detected driver: pdftex
(/usr/local/texlive/2026/texmf-dist/tex/context/base/mkii/supp-pdf.mkii
[Loading MPS to PDF converter (version 2006.09.02).]
) (/usr/local/texlive/2026/texmf-dist/tex/latex/epstopdf-pkg/epstopdf-base.sty
(/usr/local/texlive/2026/texmf-dist/tex/latex/grfext/grfext.sty)
(/usr/local/texlive/2026/texmf-dist/tex/latex/latexconfig/epstopdf-sys.cfg))
(/usr/local/texlive/2026/texmf-dist/tex/latex/caption/ltcaption.sty)
(/usr/local/texlive/2026/texmf-dist/tex/latex/biblatex/lbx/english.lbx)
No file main_datn.bbl.
(./Cover.tex

LaTeX Font Warning: Font shape `OT1/cmr/m/n' in size <6.5> not available
(Font)              size <6> substituted on input line 41.


LaTeX Font Warning: Font shape `OML/cmm/m/it' in size <13> not available
(Font)              size <12> substituted on input line 41.


LaTeX Font Warning: Font shape `OML/cmm/m/it' in size <6.5> not available
(Font)              size <6> substituted on input line 41.


LaTeX Font Warning: Font shape `OMS/cmsy/m/n' in size <13> not available
(Font)              size <12> substituted on input line 41.


LaTeX Font Warning: Font shape `OMS/cmsy/m/n' in size <6.5> not available
(Font)              size <6> substituted on input line 41.

(/usr/local/texlive/2026/texmf-dist/tex/latex/base/ulasy.fd)

LaTeX Font Warning: Font shape `U/lasy/m/n' in size <13> not available
(Font)              size <12> substituted on input line 41.


LaTeX Font Warning: Font shape `U/lasy/m/n' in size <6.5> not available
(Font)              size <6> substituted on input line 41.

(/usr/local/texlive/2026/texmf-dist/tex/latex/amsfonts/umsa.fd)
(/usr/local/texlive/2026/texmf-dist/tex/latex/amsfonts/umsb.fd) [1{/usr/local/t
exlive/2026/texmf-var/fonts/map/pdftex/updmap/pdftex.map}{/usr/local/texlive/20
26/texmf-dist/fonts/enc/dvips/vntex/t5.enc}]) (./Cover2.tex
pdfTeX warning (ext4): destination with the same identifier (name{page.1}) has 
been already used, duplicate ignored
<to be read again> 
                   \relax 
l.44 \end{titlepage}
                     [1]) (./NoiDung/00_acknowledgment.tex) [1]
(./NoiDung/00_abstract.tex) [2]
No file main_datn.toc.

pdfTeX warning (ext4): destination with the same identifier (name{page.i}) has 
been already used, duplicate ignored
<to be read again> 
                   \relax 
l.168 \cleardoublepage
                       [1]
pdfTeX warning (ext4): destination with the same identifier (name{page.ii}) has
 been already used, duplicate ignored
<to be read again> 
                   \relax 
l.168 \cleardoublepage
                       [2]
No file main_datn.lof.
[3]
No file main_datn.lot.

Package glossaries Warning: Empty glossary for \printnoidxglossary[type={main}]
. Rerun may be required (or you may have forgotten to use commands like \gls) o
n input line 185.


Package glossaries Warning: Empty glossary for \printnoidxglossary[type={acrony
m}]. Rerun may be required (or you may have forgotten to use commands like \gls
) on input line 185.

[4]
CHAPTER 1.
(./NoiDung/01_introduction.tex

LaTeX Warning: Reference `chapter:Survey' on page 1 undefined on input line 33.



LaTeX Warning: Reference `chapter:Background' on page 1 undefined on input line
 34.


LaTeX Warning: Reference `chapter:Design' on page 1 undefined on input line 36.



LaTeX Warning: Reference `chapter:Contribution' on page 1 undefined on input li
ne 37.


LaTeX Warning: Reference `chapter:Conclusion' on page 1 undefined on input line
 39.

)
pdfTeX warning (ext4): destination with the same identifier (name{page.1}) has 
been already used, duplicate ignored
<to be read again> 
                   \relax 
l.200 \newpage
               [1]
CHAPTER 2.
(./NoiDung/02_survey.tex
Underfull \vbox (badness 10000) has occurred while \output is active [2]

Package fancyhdr Warning: \headheight is too small (10.0pt): 
(fancyhdr)                Make it at least 15.59995pt, for example:
(fancyhdr)                \setlength{\headheight}{15.59995pt}.
(fancyhdr)                You might also make \topmargin smaller:
(fancyhdr)                \addtolength{\topmargin}{-5.59995pt}.

[3 <./Figure/diagrams/usecase_general.png>]
Underfull \vbox (badness 10000) has occurred while \output is active

Package fancyhdr Warning: \headheight is too small (10.0pt): 
(fancyhdr)                Make it at least 15.59995pt, for example:
(fancyhdr)                \setlength{\headheight}{15.59995pt}.
(fancyhdr)                You might also make \topmargin smaller:
(fancyhdr)                \addtolength{\topmargin}{-5.59995pt}.

[4 <./Figure/diagrams/usecase_purchasing.png>]
Underfull \vbox (badness 10000) has occurred while \output is active

Package fancyhdr Warning: \headheight is too small (10.0pt): 
(fancyhdr)                Make it at least 15.59995pt, for example:
(fancyhdr)                \setlength{\headheight}{15.59995pt}.
(fancyhdr)                You might also make \topmargin smaller:
(fancyhdr)                \addtolength{\topmargin}{-5.59995pt}.

[5 <./Figure/diagrams/usecase_sales.png>]
Underfull \vbox (badness 10000) has occurred while \output is active

Package fancyhdr Warning: \headheight is too small (10.0pt): 
(fancyhdr)                Make it at least 15.59995pt, for example:
(fancyhdr)                \setlength{\headheight}{15.59995pt}.
(fancyhdr)                You might also make \topmargin smaller:
(fancyhdr)                \addtolength{\topmargin}{-5.59995pt}.

[6 <./Figure/diagrams/usecase_warehouse.png>]
Underfull \vbox (badness 10000) has occurred while \output is active

Package fancyhdr Warning: \headheight is too small (10.0pt): 
(fancyhdr)                Make it at least 15.59995pt, for example:
(fancyhdr)                \setlength{\headheight}{15.59995pt}.
(fancyhdr)                You might also make \topmargin smaller:
(fancyhdr)                \addtolength{\topmargin}{-5.59995pt}.

[7 <./Figure/diagrams/usecase_delivery.png>]
Underfull \vbox (badness 2573) has occurred while \output is active

Package fancyhdr Warning: \headheight is too small (10.0pt): 
(fancyhdr)                Make it at least 15.59995pt, for example:
(fancyhdr)                \setlength{\headheight}{15.59995pt}.
(fancyhdr)                You might also make \topmargin smaller:
(fancyhdr)                \addtolength{\topmargin}{-5.59995pt}.

[8 <./Figure/diagrams/activity_procure_to_stock.png> <./Figure/diagrams/activit
y_order_to_cash.png>]
(/usr/local/texlive/2026/texmf-dist/tex/latex/psnfss/ts1ptm.fd))

Package fancyhdr Warning: \headheight is too small (10.0pt): 
(fancyhdr)                Make it at least 15.59995pt, for example:
(fancyhdr)                \setlength{\headheight}{15.59995pt}.
(fancyhdr)                You might also make \topmargin smaller:
(fancyhdr)                \addtolength{\topmargin}{-5.59995pt}.

[9{/usr/local/texlive/2026/texmf-dist/fonts/enc/dvips/base/8r.enc}]
CHAPTER 3.
(./NoiDung/03_background.tex

LaTeX Warning: Citation '...' on page 10 undefined on input line 11.

) [10]
CHAPTER 4.
(./NoiDung/04_design_impl.tex
Underfull \vbox (badness 10000) has occurred while \output is active [11]

Package fancyhdr Warning: \headheight is too small (10.0pt): 
(fancyhdr)                Make it at least 15.59995pt, for example:
(fancyhdr)                \setlength{\headheight}{15.59995pt}.
(fancyhdr)                You might also make \topmargin smaller:
(fancyhdr)                \addtolength{\topmargin}{-5.59995pt}.

[12 <./Figure/diagrams/architecture.png>]
Underfull \vbox (badness 10000) has occurred while \output is active

Package fancyhdr Warning: \headheight is too small (10.0pt): 
(fancyhdr)                Make it at least 15.59995pt, for example:
(fancyhdr)                \setlength{\headheight}{15.59995pt}.
(fancyhdr)                You might also make \topmargin smaller:
(fancyhdr)                \addtolength{\topmargin}{-5.59995pt}.

[13 <./Figure/diagrams/package_diagram.png>]
Underfull \vbox (badness 10000) has occurred while \output is active

Package fancyhdr Warning: \headheight is too small (10.0pt): 
(fancyhdr)                Make it at least 15.59995pt, for example:
(fancyhdr)                \setlength{\headheight}{15.59995pt}.
(fancyhdr)                You might also make \topmargin smaller:
(fancyhdr)                \addtolength{\topmargin}{-5.59995pt}.

[14 <./Figure/diagrams/class_inbound.png> <./Figure/diagrams/class_outbound.png
>]
Underfull \vbox (badness 10000) has occurred while \output is active

Package fancyhdr Warning: \headheight is too small (10.0pt): 
(fancyhdr)                Make it at least 15.59995pt, for example:
(fancyhdr)                \setlength{\headheight}{15.59995pt}.
(fancyhdr)                You might also make \topmargin smaller:
(fancyhdr)                \addtolength{\topmargin}{-5.59995pt}.

[15 <./Figure/diagrams/class_delivery.png>]
Underfull \vbox (badness 10000) has occurred while \output is active

Package fancyhdr Warning: \headheight is too small (10.0pt): 
(fancyhdr)                Make it at least 15.59995pt, for example:
(fancyhdr)                \setlength{\headheight}{15.59995pt}.
(fancyhdr)                You might also make \topmargin smaller:
(fancyhdr)                \addtolength{\topmargin}{-5.59995pt}.

[16 <./Figure/diagrams/class_detail_key.png>]
Underfull \vbox (badness 10000) has occurred while \output is active

Package fancyhdr Warning: \headheight is too small (10.0pt): 
(fancyhdr)                Make it at least 15.59995pt, for example:
(fancyhdr)                \setlength{\headheight}{15.59995pt}.
(fancyhdr)                You might also make \topmargin smaller:
(fancyhdr)                \addtolength{\topmargin}{-5.59995pt}.

[17 <./Figure/diagrams/seq_so_gi_fefo.png> <./Figure/diagrams/seq_po_gr.png>]
Underfull \vbox (badness 10000) has occurred while \output is active

Package fancyhdr Warning: \headheight is too small (10.0pt): 
(fancyhdr)                Make it at least 15.59995pt, for example:
(fancyhdr)                \setlength{\headheight}{15.59995pt}.
(fancyhdr)                You might also make \topmargin smaller:
(fancyhdr)                \addtolength{\topmargin}{-5.59995pt}.

[18 <./Figure/diagrams/seq_delivery_trip.png> <./Figure/diagrams/er_diagram.png
>]
Overfull \hbox (93.52031pt too wide) in paragraph at lines 109--116
 [][] 

Package fancyhdr Warning: \headheight is too small (10.0pt): 
(fancyhdr)                Make it at least 15.59995pt, for example:
(fancyhdr)                \setlength{\headheight}{15.59995pt}.
(fancyhdr)                You might also make \topmargin smaller:
(fancyhdr)                \addtolength{\topmargin}{-5.59995pt}.

[19])

Package fancyhdr Warning: \headheight is too small (10.0pt): 
(fancyhdr)                Make it at least 15.59995pt, for example:
(fancyhdr)                \setlength{\headheight}{15.59995pt}.
(fancyhdr)                You might also make \topmargin smaller:
(fancyhdr)                \addtolength{\topmargin}{-5.59995pt}.

[20 <./Figure/diagrams/deployment.png>]
CHAPTER 5.
(./NoiDung/05_contribution.tex
Underfull \vbox (badness 10000) has occurred while \output is active [21]
Underfull \vbox (badness 10000) has occurred while \output is active

Package fancyhdr Warning: \headheight is too small (10.0pt): 
(fancyhdr)                Make it at least 15.59995pt, for example:
(fancyhdr)                \setlength{\headheight}{15.59995pt}.
(fancyhdr)                You might also make \topmargin smaller:
(fancyhdr)                \addtolength{\topmargin}{-5.59995pt}.

[22 <./Figure/diagrams/flowchart_fefo.png>])

Package fancyhdr Warning: \headheight is too small (10.0pt): 
(fancyhdr)                Make it at least 15.59995pt, for example:
(fancyhdr)                \setlength{\headheight}{15.59995pt}.
(fancyhdr)                You might also make \topmargin smaller:
(fancyhdr)                \addtolength{\topmargin}{-5.59995pt}.

[23]
CHAPTER 6.
(./NoiDung/06_conclusion.tex) [24]

LaTeX Warning: Empty bibliography on input line 228.

[25]
Ph\d {u} l\d {u}c A.
(./NoiDung/07_appendix.tex)

Package glossaries Warning: entry `iaas' indexing changed since previous run (o
r no previous run) on input line 244.


Package glossaries Warning: entry `API' indexing changed since previous run (or
 no previous run) on input line 244.


Package glossaries Warning: entry `EUD' indexing changed since previous run (or
 no previous run) on input line 244.


Package glossaries Warning: entry `GWT' indexing changed since previous run (or
 no previous run) on input line 244.


Package glossaries Warning: entry `HTML' indexing changed since previous run (o
r no previous run) on input line 244.


Package glossaries Warning: Rerun required to get \printnoidxglossary up to dat
e on input line 244.

[26] (build/main_datn.aux)

LaTeX Font Warning: Size substitutions with differences
(Font)              up to 1.0pt have occurred.


LaTeX Warning: There were undefined references.


LaTeX Warning: Label(s) may have changed. Rerun to get cross-references right.


Package rerunfilecheck Warning: File `main_datn.out' has changed.
(rerunfilecheck)                Rerun to get outlines right
(rerunfilecheck)                or use package `bookmark'.


Package biblatex Warning: Please (re)run BibTeX on the file(s):
(biblatex)                main_datn
(biblatex)                and rerun LaTeX afterwards.

 )
(see the transcript file for additional information)</usr/local/texlive/2026/te
xmf-dist/fonts/type1/public/amsfonts/cm/cmmi12.pfb></usr/local/texlive/2026/tex
mf-dist/fonts/type1/public/amsfonts/cm/cmsy10.pfb></usr/local/texlive/2026/texm
f-dist/fonts/type1/vntex/urwvn/utmb8v.pfb></usr/local/texlive/2026/texmf-dist/f
onts/type1/urw/times/utmr8a.pfb></usr/local/texlive/2026/texmf-dist/fonts/type1
/vntex/urwvn/utmr8v.pfb></usr/local/texlive/2026/texmf-dist/fonts/type1/vntex/u
rwvn/utmri8v.pfb>
Output written on build/main_datn.pdf (34 pages, 466417 bytes).
SyncTeX written on build/main_datn.synctex.gz.
Transcript written on build/main_datn.log.
Latexmk: Getting log file 'build/main_datn.log'
Latexmk: Examining 'build/main_datn.fls'
Latexmk: Examining 'build/main_datn.log'
Latexmk: Missing bbl file 'build/main_datn.bbl' in following:
 No file main_datn.bbl.
Latexmk: Missing input file 'main_datn.toc' message in .log file:
  No file main_datn.toc.
Latexmk: Missing input file 'main_datn.lof' message in .log file:
  No file main_datn.lof.
Latexmk: Missing input file 'main_datn.lot' message in .log file:
  No file main_datn.lot.
Latexmk: References changed.
Latexmk: References changed.
Latexmk: Log file says output to 'build/main_datn.pdf'
Latexmk: Using bibtex to make bibliography file(s).
  ===Source file 'build/main_datn.bbl' for 'pdflatex'
Create bibtex build/main_datn
Latexmk: Found bibliography file(s):
  ./reference.bib
  build/main_datn-blx.bib
Latexmk: applying rule 'bibtex build/main_datn'...
Rule 'bibtex build/main_datn':  Reasons for rerun
Category 'other':
  Rerun of 'bibtex build/main_datn' forced or previously required:
    Reason or flag: 'Initial set up of rule'

------------
Run number 1 of rule 'bibtex build/main_datn'
------------
====== ENV{BIBINPUTS} changed to '/Users/duongtphuongthao/Documents/DATN/smart-supply-chain/SOICT_DATN_Application_ENG_Template:build:/Users/duongtphuongthao/Documents/DATN/smart-supply-chain/SOICT_DATN_Application_ENG_Template/build:'
Latexmk: Change directory to 'build/'.
To assist finding of files in document directory, I set
  BIBINPUTS='/Users/duongtphuongthao/Documents/DATN/smart-supply-chain/SOICT_DATN_Application_ENG_Template:build:/Users/duongtphuongthao/Documents/DATN/smart-supply-chain/SOICT_DATN_Application_ENG_Template/build:'
  BSTINPUTS='/Users/duongtphuongthao/Documents/DATN/smart-supply-chain/SOICT_DATN_Application_ENG_Template:'.
------------
Running 'bibtex  "main_datn.aux"'
------------
This is BibTeX, Version 0.99e (TeX Live 2026)
The top-level auxiliary file: main_datn.aux
The style file: biblatex.bst
Database file #1: main_datn-blx.bib
Database file #2: reference.bib
Warning--I didn't find a database entry for "..."
Biblatex version: 3.21
(There was 1 warning)
Latexmk: Change directory back to '/Users/duongtphuongthao/Documents/DATN/smart-supply-chain/SOICT_DATN_Application_ENG_Template'
Latexmk: applying rule 'pdflatex'...
Rule 'pdflatex':  Reasons for rerun
Changed files or newly in use/created:
  build/main_datn.aux
  build/main_datn.bbl
  build/main_datn.lof
  build/main_datn.lot
  build/main_datn.out
  build/main_datn.toc

------------
Run number 2 of rule 'pdflatex'
------------
------------
Running 'pdflatex -interaction=nonstopmode -synctex=1  -interaction=nonstopmode -recorder -output-directory="build"  "main_datn.tex"'
------------
This is pdfTeX, Version 3.141592653-2.6-1.40.29 (TeX Live 2026) (preloaded format=pdflatex)
 restricted \write18 enabled.
entering extended mode
(./main_datn.tex
LaTeX2e <2025-11-01>
L3 programming layer <2026-01-19>
(/usr/local/texlive/2026/texmf-dist/tex/latex/base/report.cls
Document Class: report 2025/01/22 v1.4n Standard LaTeX document class
(/usr/local/texlive/2026/texmf-dist/tex/latex/base/size10.clo))
(/usr/local/texlive/2026/texmf-dist/tex/latex/koma-script/scrextend.sty
(/usr/local/texlive/2026/texmf-dist/tex/latex/koma-script/scrkbase.sty
(/usr/local/texlive/2026/texmf-dist/tex/latex/koma-script/scrbase.sty
(/usr/local/texlive/2026/texmf-dist/tex/latex/koma-script/scrlfile.sty
(/usr/local/texlive/2026/texmf-dist/tex/latex/koma-script/scrlfile-hook.sty
(/usr/local/texlive/2026/texmf-dist/tex/latex/koma-script/scrlogo.sty)))
(/usr/local/texlive/2026/texmf-dist/tex/latex/graphics/keyval.sty))))

LaTeX Font Warning: Font shape `OT1/cmr/m/n' in size <13> not available
(Font)              size <12> substituted on input line 10.

(/usr/local/texlive/2026/texmf-dist/tex/latex/vntex/vietnam.sty
(/usr/local/texlive/2026/texmf-dist/tex/latex/base/ifthen.sty)
(/usr/local/texlive/2026/texmf-dist/tex/latex/base/fontenc.sty
(/usr/local/texlive/2026/texmf-dist/tex/latex/vntex/t5enc.def
(/usr/local/texlive/2026/texmf-dist/tex/latex/vntex/t5enc.dfu))
(/usr/local/texlive/2026/texmf-dist/tex/latex/vntex/t5cmr.fd))
(/usr/local/texlive/2026/texmf-dist/tex/latex/base/inputenc.sty)
(/usr/local/texlive/2026/texmf-dist/tex/latex/vntex/vncaps.tex))
(/usr/local/texlive/2026/texmf-dist/tex/latex/geometry/geometry.sty
(/usr/local/texlive/2026/texmf-dist/tex/generic/iftex/ifvtex.sty
(/usr/local/texlive/2026/texmf-dist/tex/generic/iftex/iftex.sty)))
(/usr/local/texlive/2026/texmf-dist/tex/latex/graphics/graphicx.sty
(/usr/local/texlive/2026/texmf-dist/tex/latex/graphics/graphics.sty
(/usr/local/texlive/2026/texmf-dist/tex/latex/graphics/trig.sty)
(/usr/local/texlive/2026/texmf-dist/tex/latex/graphics-cfg/graphics.cfg)
(/usr/local/texlive/2026/texmf-dist/tex/latex/graphics-def/pdftex.def)))
(/usr/local/texlive/2026/texmf-dist/tex/latex/fancybox/fancybox.sty
Style option: `fancybox' v1.4 <2010/05/15> (tvz)
) (/usr/local/texlive/2026/texmf-dist/tex/latex/tools/indentfirst.sty)
(/usr/local/texlive/2026/texmf-dist/tex/latex/amscls/amsthm.sty)
(/usr/local/texlive/2026/texmf-dist/tex/latex/base/latexsym.sty)
(/usr/local/texlive/2026/texmf-dist/tex/latex/amsmath/amsmath.sty
For additional information on amsmath, use the `?' option.
(/usr/local/texlive/2026/texmf-dist/tex/latex/amsmath/amstext.sty
(/usr/local/texlive/2026/texmf-dist/tex/latex/amsmath/amsgen.sty))
(/usr/local/texlive/2026/texmf-dist/tex/latex/amsmath/amsbsy.sty)
(/usr/local/texlive/2026/texmf-dist/tex/latex/amsmath/amsopn.sty))
(/usr/local/texlive/2026/texmf-dist/tex/latex/amsfonts/amssymb.sty
(/usr/local/texlive/2026/texmf-dist/tex/latex/amsfonts/amsfonts.sty))
(/usr/local/texlive/2026/texmf-dist/tex/latex/psnfss/times.sty)
(/usr/local/texlive/2026/texmf-dist/tex/latex/tools/array.sty)
(/usr/local/texlive/2026/texmf-dist/tex/latex/enumitem/enumitem.sty)
(/usr/local/texlive/2026/texmf-dist/tex/latex/subfiles/subfiles.sty
(/usr/local/texlive/2026/texmf-dist/tex/latex/import/import.sty))
(/usr/local/texlive/2026/texmf-dist/tex/latex/titlesec/titlesec.sty)
(/usr/local/texlive/2026/texmf-dist/tex/latex/titlesec/titletoc.sty)
(/usr/local/texlive/2026/texmf-dist/tex/latex/chngcntr/chngcntr.sty)
(/usr/local/texlive/2026/texmf-dist/tex/latex/pdflscape/pdflscape.sty
(/usr/local/texlive/2026/texmf-dist/tex/latex/pdflscape/pdflscape-nometadata.st
y (/usr/local/texlive/2026/texmf-dist/tex/latex/graphics/lscape.sty)))
(/usr/local/texlive/2026/texmf-dist/tex/latex/tools/afterpage.sty)
(/usr/local/texlive/2026/texmf-dist/tex/latex/algorithm2e/algorithm2e.sty
(/usr/local/texlive/2026/texmf-dist/tex/latex/ifoddpage/ifoddpage.sty)
(/usr/local/texlive/2026/texmf-dist/tex/latex/tools/xspace.sty)
(/usr/local/texlive/2026/texmf-dist/tex/latex/relsize/relsize.sty))
(/usr/local/texlive/2026/texmf-dist/tex/latex/capt-of/capt-of.sty)
(/usr/local/texlive/2026/texmf-dist/tex/latex/multirow/multirow.sty)
(/usr/local/texlive/2026/texmf-dist/tex/latex/fancyhdr/fancyhdr.sty)
(/usr/local/texlive/2026/texmf-dist/tex/latex/appendix/appendix.sty)
(/usr/local/texlive/2026/texmf-dist/tex/latex/outlines/outlines.sty)
(/usr/local/texlive/2026/texmf-dist/tex/latex/caption/caption.sty
(/usr/local/texlive/2026/texmf-dist/tex/latex/caption/caption3.sty))
(/usr/local/texlive/2026/texmf-dist/tex/latex/listings/listings.sty
(/usr/local/texlive/2026/texmf-dist/tex/latex/listings/lstpatch.sty)
(/usr/local/texlive/2026/texmf-dist/tex/latex/listings/lstmisc.sty)
(/usr/local/texlive/2026/texmf-dist/tex/latex/listings/listings.cfg))
==> First Aid for listings.sty no longer applied!
    Expected:
        2024/09/23 1.10c (Carsten Heinz)
    but found:
        2025/11/14 1.11b (Carsten Heinz)
    so I'm assuming it got fixed.
(/usr/local/texlive/2026/texmf-dist/tex/latex/float/float.sty)
(/usr/local/texlive/2026/texmf-dist/tex/latex/caption/subcaption.sty)
(/usr/local/texlive/2026/texmf-dist/tex/latex/xurl/xurl.sty
(/usr/local/texlive/2026/texmf-dist/tex/latex/url/url.sty))
(/usr/local/texlive/2026/texmf-dist/tex/latex/tools/longtable.sty)
(/usr/local/texlive/2026/texmf-dist/tex/latex/booktabs/booktabs.sty)
(/usr/local/texlive/2026/texmf-dist/tex/latex/glossaries/base/glossaries.sty
(/usr/local/texlive/2026/texmf-dist/tex/latex/xkeyval/xkeyval.sty
(/usr/local/texlive/2026/texmf-dist/tex/generic/xkeyval/xkeyval.tex
(/usr/local/texlive/2026/texmf-dist/tex/generic/xkeyval/xkvutils.tex)))
(/usr/local/texlive/2026/texmf-dist/tex/latex/mfirstuc/mfirstuc.sty
(/usr/local/texlive/2026/texmf-dist/tex/latex/etoolbox/etoolbox.sty))
(/usr/local/texlive/2026/texmf-dist/tex/latex/xfor/xfor.sty)
(/usr/local/texlive/2026/texmf-dist/tex/latex/datatool/datatool-base.sty
(/usr/local/texlive/2026/texmf-dist/tex/latex/tracklang/tracklang.sty
(/usr/local/texlive/2026/texmf-dist/tex/generic/tracklang/tracklang.tex))
(/usr/local/texlive/2026/texmf-dist/tex/latex/datatool/datatool-l3fp.def)
(/usr/local/texlive/2026/texmf-dist/tex/latex/datatool/datatool-utf8.ldf))
(/usr/local/texlive/2026/texmf-dist/tex/latex/glossaries/styles/glossary-hypern
av.sty)
(/usr/local/texlive/2026/texmf-dist/tex/latex/glossaries/styles/glossary-list.s
ty)
(/usr/local/texlive/2026/texmf-dist/tex/latex/glossaries/styles/glossary-long.s
ty)
(/usr/local/texlive/2026/texmf-dist/tex/latex/glossaries/styles/glossary-super.
sty (/usr/local/texlive/2026/texmf-dist/tex/latex/supertabular/supertabular.sty
))
(/usr/local/texlive/2026/texmf-dist/tex/latex/glossaries/styles/glossary-tree.s
ty))
(/usr/local/texlive/2026/texmf-dist/tex/latex/glossaries/styles/glossary-superr
agged.sty) (/usr/local/texlive/2026/texmf-dist/tex/latex/setspace/setspace.sty)
 (/usr/local/texlive/2026/texmf-dist/tex/latex/parskip/parskip.sty
(/usr/local/texlive/2026/texmf-dist/tex/latex/kvoptions/kvoptions.sty
(/usr/local/texlive/2026/texmf-dist/tex/generic/ltxcmds/ltxcmds.sty)
(/usr/local/texlive/2026/texmf-dist/tex/latex/kvsetkeys/kvsetkeys.sty)))
(/usr/local/texlive/2026/texmf-dist/tex/latex/koma-script/tocbasic.sty)
(/usr/local/texlive/2026/texmf-dist/tex/latex/blindtext/blindtext.sty)
(/usr/local/texlive/2026/texmf-dist/tex/latex/biblatex/biblatex.sty
(/usr/local/texlive/2026/texmf-dist/tex/generic/pdftexcmds/pdftexcmds.sty
(/usr/local/texlive/2026/texmf-dist/tex/generic/infwarerr/infwarerr.sty))
(/usr/local/texlive/2026/texmf-dist/tex/latex/logreq/logreq.sty
(/usr/local/texlive/2026/texmf-dist/tex/latex/logreq/logreq.def))
(/usr/local/texlive/2026/texmf-dist/tex/latex/biblatex/blx-dm.def)
(/usr/local/texlive/2026/texmf-dist/tex/latex/biblatex/blx-compat.def)
(/usr/local/texlive/2026/texmf-dist/tex/latex/biblatex/blx-bibtex.def

Package biblatex Warning: Using fall-back bibtex backend:
(biblatex)                functionality may be reduced/unavailable.

) (/usr/local/texlive/2026/texmf-dist/tex/latex/biblatex/biblatex.def)
(/usr/local/texlive/2026/texmf-dist/tex/latex/biblatex-ieee/ieee.bbx
(/usr/local/texlive/2026/texmf-dist/tex/latex/biblatex/bbx/numeric-comp.bbx
(/usr/local/texlive/2026/texmf-dist/tex/latex/biblatex/bbx/numeric.bbx
(/usr/local/texlive/2026/texmf-dist/tex/latex/biblatex/bbx/standard.bbx))))
(/usr/local/texlive/2026/texmf-dist/tex/latex/biblatex-ieee/ieee.cbx
(/usr/local/texlive/2026/texmf-dist/tex/latex/biblatex/cbx/numeric-verb.cbx))
(/usr/local/texlive/2026/texmf-dist/tex/latex/biblatex/biblatex.cfg)
(/usr/local/texlive/2026/texmf-dist/tex/latex/l3kernel/expl3.sty
(/usr/local/texlive/2026/texmf-dist/tex/latex/l3backend/l3backend-pdftex.def))
(/usr/local/texlive/2026/texmf-dist/tex/latex/biblatex/blx-case-expl3.sty
(/usr/local/texlive/2026/texmf-dist/tex/latex/l3packages/xparse/xparse.sty)))

LaTeX Warning: \include should only be used after \begin{document} on input lin
e 69.

(./lstlisting.tex
(/usr/local/texlive/2026/texmf-dist/tex/latex/xcolor/xcolor.sty
(/usr/local/texlive/2026/texmf-dist/tex/latex/graphics-cfg/color.cfg)
(/usr/local/texlive/2026/texmf-dist/tex/latex/graphics/mathcolor.ltx)))
(./glossary.tex)
(/usr/local/texlive/2026/texmf-dist/tex/latex/hyperref/hyperref.sty
(/usr/local/texlive/2026/texmf-dist/tex/generic/kvdefinekeys/kvdefinekeys.sty)
(/usr/local/texlive/2026/texmf-dist/tex/generic/pdfescape/pdfescape.sty)
(/usr/local/texlive/2026/texmf-dist/tex/latex/hycolor/hycolor.sty)
(/usr/local/texlive/2026/texmf-dist/tex/latex/hyperref/nameref.sty
(/usr/local/texlive/2026/texmf-dist/tex/latex/refcount/refcount.sty)
(/usr/local/texlive/2026/texmf-dist/tex/generic/gettitlestring/gettitlestring.s
ty)) (/usr/local/texlive/2026/texmf-dist/tex/generic/stringenc/stringenc.sty)
(/usr/local/texlive/2026/texmf-dist/tex/latex/hyperref/pd1enc.def)
(/usr/local/texlive/2026/texmf-dist/tex/generic/intcalc/intcalc.sty)
(/usr/local/texlive/2026/texmf-dist/tex/latex/hyperref/puenc.def)
(/usr/local/texlive/2026/texmf-dist/tex/generic/bitset/bitset.sty
(/usr/local/texlive/2026/texmf-dist/tex/generic/bigintcalc/bigintcalc.sty)))
(/usr/local/texlive/2026/texmf-dist/tex/latex/hyperref/hpdftex.def
(/usr/local/texlive/2026/texmf-dist/tex/latex/rerunfilecheck/rerunfilecheck.sty

(/usr/local/texlive/2026/texmf-dist/tex/generic/uniquecounter/uniquecounter.sty
))) (/usr/local/texlive/2026/texmf-dist/tex/latex/hypcap/hypcap.sty
(/usr/local/texlive/2026/texmf-dist/tex/latex/letltxmacro/letltxmacro.sty))
(/usr/local/texlive/2026/texmf-dist/tex/latex/vntex/t5ptm.fd)

LaTeX Warning: Unused global option(s):
    [13pt,3p].

(build/main_datn.aux)
*geometry* driver: auto-detecting
*geometry* detected driver: pdftex
(/usr/local/texlive/2026/texmf-dist/tex/context/base/mkii/supp-pdf.mkii
[Loading MPS to PDF converter (version 2006.09.02).]
) (/usr/local/texlive/2026/texmf-dist/tex/latex/epstopdf-pkg/epstopdf-base.sty
(/usr/local/texlive/2026/texmf-dist/tex/latex/grfext/grfext.sty)
(/usr/local/texlive/2026/texmf-dist/tex/latex/latexconfig/epstopdf-sys.cfg))
(/usr/local/texlive/2026/texmf-dist/tex/latex/caption/ltcaption.sty)
(/usr/local/texlive/2026/texmf-dist/tex/latex/biblatex/lbx/english.lbx)
(build/main_datn.bbl) (build/main_datn.out) (build/main_datn.out) (./Cover.tex

LaTeX Font Warning: Font shape `OT1/cmr/m/n' in size <6.5> not available
(Font)              size <6> substituted on input line 41.


LaTeX Font Warning: Font shape `OML/cmm/m/it' in size <13> not available
(Font)              size <12> substituted on input line 41.


LaTeX Font Warning: Font shape `OML/cmm/m/it' in size <6.5> not available
(Font)              size <6> substituted on input line 41.


LaTeX Font Warning: Font shape `OMS/cmsy/m/n' in size <13> not available
(Font)              size <12> substituted on input line 41.


LaTeX Font Warning: Font shape `OMS/cmsy/m/n' in size <6.5> not available
(Font)              size <6> substituted on input line 41.

(/usr/local/texlive/2026/texmf-dist/tex/latex/base/ulasy.fd)

LaTeX Font Warning: Font shape `U/lasy/m/n' in size <13> not available
(Font)              size <12> substituted on input line 41.


LaTeX Font Warning: Font shape `U/lasy/m/n' in size <6.5> not available
(Font)              size <6> substituted on input line 41.

(/usr/local/texlive/2026/texmf-dist/tex/latex/amsfonts/umsa.fd)
(/usr/local/texlive/2026/texmf-dist/tex/latex/amsfonts/umsb.fd) [1{/usr/local/t
exlive/2026/texmf-var/fonts/map/pdftex/updmap/pdftex.map}{/usr/local/texlive/20
26/texmf-dist/fonts/enc/dvips/vntex/t5.enc}]) (./Cover2.tex
pdfTeX warning (ext4): destination with the same identifier (name{page.1}) has 
been already used, duplicate ignored
<to be read again> 
                   \relax 
l.44 \end{titlepage}
                     [1]) (./NoiDung/00_acknowledgment.tex) [1]
(./NoiDung/00_abstract.tex) [2] (build/main_datn.toc
Underfull \vbox (badness 5533) has occurred while \output is active
pdfTeX warning (ext4): destination with the same identifier (name{page.i}) has 
been already used, duplicate ignored
<to be read again> 
                   \relax 
l.32 ...cation and Authorization}{10}{section.3.5}
                                                  % [1]
Underfull \vbox (badness 10000) has occurred while \output is active
pdfTeX warning (ext4): destination with the same identifier (name{page.ii}) has
 been already used, duplicate ignored
<to be read again> 
                   \relax 
l.60 ...L USE CASE DESCRIPTIONS}{26}{appendix.1.A}
                                                  % [2]) [3] [4]
(build/main_datn.lof) [5] (build/main_datn.lot)

Package glossaries Warning: Empty glossary for \printnoidxglossary[type={main}]
. Rerun may be required (or you may have forgotten to use commands like \gls) o
n input line 185.


Package glossaries Info: Preparing to sort glossary `acronym' (total number of
(glossaries)             referenced entries: 5)

[6] [7]
CHAPTER 1.
(./NoiDung/01_introduction.tex)
pdfTeX warning (ext4): destination with the same identifier (name{page.1}) has 
been already used, duplicate ignored
<to be read again> 
                   \relax 
l.200 \newpage
               [1]
CHAPTER 2.
(./NoiDung/02_survey.tex
Underfull \vbox (badness 10000) has occurred while \output is active [2]

Package fancyhdr Warning: \headheight is too small (10.0pt): 
(fancyhdr)                Make it at least 15.59995pt, for example:
(fancyhdr)                \setlength{\headheight}{15.59995pt}.
(fancyhdr)                You might also make \topmargin smaller:
(fancyhdr)                \addtolength{\topmargin}{-5.59995pt}.

[3 <./Figure/diagrams/usecase_general.png>]
Underfull \vbox (badness 10000) has occurred while \output is active

Package fancyhdr Warning: \headheight is too small (10.0pt): 
(fancyhdr)                Make it at least 15.59995pt, for example:
(fancyhdr)                \setlength{\headheight}{15.59995pt}.
(fancyhdr)                You might also make \topmargin smaller:
(fancyhdr)                \addtolength{\topmargin}{-5.59995pt}.

[4 <./Figure/diagrams/usecase_purchasing.png>]
Underfull \vbox (badness 10000) has occurred while \output is active

Package fancyhdr Warning: \headheight is too small (10.0pt): 
(fancyhdr)                Make it at least 15.59995pt, for example:
(fancyhdr)                \setlength{\headheight}{15.59995pt}.
(fancyhdr)                You might also make \topmargin smaller:
(fancyhdr)                \addtolength{\topmargin}{-5.59995pt}.

[5 <./Figure/diagrams/usecase_sales.png>]
Underfull \vbox (badness 10000) has occurred while \output is active

Package fancyhdr Warning: \headheight is too small (10.0pt): 
(fancyhdr)                Make it at least 15.59995pt, for example:
(fancyhdr)                \setlength{\headheight}{15.59995pt}.
(fancyhdr)                You might also make \topmargin smaller:
(fancyhdr)                \addtolength{\topmargin}{-5.59995pt}.

[6 <./Figure/diagrams/usecase_warehouse.png>]
Underfull \vbox (badness 10000) has occurred while \output is active

Package fancyhdr Warning: \headheight is too small (10.0pt): 
(fancyhdr)                Make it at least 15.59995pt, for example:
(fancyhdr)                \setlength{\headheight}{15.59995pt}.
(fancyhdr)                You might also make \topmargin smaller:
(fancyhdr)                \addtolength{\topmargin}{-5.59995pt}.

[7 <./Figure/diagrams/usecase_delivery.png>]
Underfull \vbox (badness 2573) has occurred while \output is active

Package fancyhdr Warning: \headheight is too small (10.0pt): 
(fancyhdr)                Make it at least 15.59995pt, for example:
(fancyhdr)                \setlength{\headheight}{15.59995pt}.
(fancyhdr)                You might also make \topmargin smaller:
(fancyhdr)                \addtolength{\topmargin}{-5.59995pt}.

[8 <./Figure/diagrams/activity_procure_to_stock.png> <./Figure/diagrams/activit
y_order_to_cash.png>]
(/usr/local/texlive/2026/texmf-dist/tex/latex/psnfss/ts1ptm.fd))

Package fancyhdr Warning: \headheight is too small (10.0pt): 
(fancyhdr)                Make it at least 15.59995pt, for example:
(fancyhdr)                \setlength{\headheight}{15.59995pt}.
(fancyhdr)                You might also make \topmargin smaller:
(fancyhdr)                \addtolength{\topmargin}{-5.59995pt}.

[9{/usr/local/texlive/2026/texmf-dist/fonts/enc/dvips/base/8r.enc}]
CHAPTER 3.
(./NoiDung/03_background.tex

LaTeX Warning: Citation '...' on page 10 undefined on input line 11.

) [10]
CHAPTER 4.
(./NoiDung/04_design_impl.tex
Underfull \vbox (badness 10000) has occurred while \output is active [11]

Package fancyhdr Warning: \headheight is too small (10.0pt): 
(fancyhdr)                Make it at least 15.59995pt, for example:
(fancyhdr)                \setlength{\headheight}{15.59995pt}.
(fancyhdr)                You might also make \topmargin smaller:
(fancyhdr)                \addtolength{\topmargin}{-5.59995pt}.

[12 <./Figure/diagrams/architecture.png>]
Underfull \vbox (badness 10000) has occurred while \output is active

Package fancyhdr Warning: \headheight is too small (10.0pt): 
(fancyhdr)                Make it at least 15.59995pt, for example:
(fancyhdr)                \setlength{\headheight}{15.59995pt}.
(fancyhdr)                You might also make \topmargin smaller:
(fancyhdr)                \addtolength{\topmargin}{-5.59995pt}.

[13 <./Figure/diagrams/package_diagram.png>]
Underfull \vbox (badness 10000) has occurred while \output is active

Package fancyhdr Warning: \headheight is too small (10.0pt): 
(fancyhdr)                Make it at least 15.59995pt, for example:
(fancyhdr)                \setlength{\headheight}{15.59995pt}.
(fancyhdr)                You might also make \topmargin smaller:
(fancyhdr)                \addtolength{\topmargin}{-5.59995pt}.

[14 <./Figure/diagrams/class_inbound.png> <./Figure/diagrams/class_outbound.png
>]
Underfull \vbox (badness 10000) has occurred while \output is active

Package fancyhdr Warning: \headheight is too small (10.0pt): 
(fancyhdr)                Make it at least 15.59995pt, for example:
(fancyhdr)                \setlength{\headheight}{15.59995pt}.
(fancyhdr)                You might also make \topmargin smaller:
(fancyhdr)                \addtolength{\topmargin}{-5.59995pt}.

[15 <./Figure/diagrams/class_delivery.png>]
Underfull \vbox (badness 10000) has occurred while \output is active

Package fancyhdr Warning: \headheight is too small (10.0pt): 
(fancyhdr)                Make it at least 15.59995pt, for example:
(fancyhdr)                \setlength{\headheight}{15.59995pt}.
(fancyhdr)                You might also make \topmargin smaller:
(fancyhdr)                \addtolength{\topmargin}{-5.59995pt}.

[16 <./Figure/diagrams/class_detail_key.png>]
Underfull \vbox (badness 10000) has occurred while \output is active

Package fancyhdr Warning: \headheight is too small (10.0pt): 
(fancyhdr)                Make it at least 15.59995pt, for example:
(fancyhdr)                \setlength{\headheight}{15.59995pt}.
(fancyhdr)                You might also make \topmargin smaller:
(fancyhdr)                \addtolength{\topmargin}{-5.59995pt}.

[17 <./Figure/diagrams/seq_so_gi_fefo.png> <./Figure/diagrams/seq_po_gr.png>]
Underfull \vbox (badness 10000) has occurred while \output is active

Package fancyhdr Warning: \headheight is too small (10.0pt): 
(fancyhdr)                Make it at least 15.59995pt, for example:
(fancyhdr)                \setlength{\headheight}{15.59995pt}.
(fancyhdr)                You might also make \topmargin smaller:
(fancyhdr)                \addtolength{\topmargin}{-5.59995pt}.

[18 <./Figure/diagrams/seq_delivery_trip.png> <./Figure/diagrams/er_diagram.png
>]
Overfull \hbox (93.52031pt too wide) in paragraph at lines 109--116
 [][] 

Package fancyhdr Warning: \headheight is too small (10.0pt): 
(fancyhdr)                Make it at least 15.59995pt, for example:
(fancyhdr)                \setlength{\headheight}{15.59995pt}.
(fancyhdr)                You might also make \topmargin smaller:
(fancyhdr)                \addtolength{\topmargin}{-5.59995pt}.

[19])

Package fancyhdr Warning: \headheight is too small (10.0pt): 
(fancyhdr)                Make it at least 15.59995pt, for example:
(fancyhdr)                \setlength{\headheight}{15.59995pt}.
(fancyhdr)                You might also make \topmargin smaller:
(fancyhdr)                \addtolength{\topmargin}{-5.59995pt}.

[20 <./Figure/diagrams/deployment.png>]
CHAPTER 5.
(./NoiDung/05_contribution.tex
Underfull \vbox (badness 10000) has occurred while \output is active [21]
Underfull \vbox (badness 10000) has occurred while \output is active

Package fancyhdr Warning: \headheight is too small (10.0pt): 
(fancyhdr)                Make it at least 15.59995pt, for example:
(fancyhdr)                \setlength{\headheight}{15.59995pt}.
(fancyhdr)                You might also make \topmargin smaller:
(fancyhdr)                \addtolength{\topmargin}{-5.59995pt}.

[22 <./Figure/diagrams/flowchart_fefo.png>])

Package fancyhdr Warning: \headheight is too small (10.0pt): 
(fancyhdr)                Make it at least 15.59995pt, for example:
(fancyhdr)                \setlength{\headheight}{15.59995pt}.
(fancyhdr)                You might also make \topmargin smaller:
(fancyhdr)                \addtolength{\topmargin}{-5.59995pt}.

[23]
CHAPTER 6.
(./NoiDung/06_conclusion.tex) [24]

LaTeX Warning: Empty bibliography on input line 228.

[25]
Ph\d {u} l\d {u}c A.
(./NoiDung/07_appendix.tex) [26] (build/main_datn.aux)

LaTeX Font Warning: Size substitutions with differences
(Font)              up to 1.0pt have occurred.


LaTeX Warning: There were undefined references.


LaTeX Warning: Label(s) may have changed. Rerun to get cross-references right.


Package rerunfilecheck Warning: File `main_datn.out' has changed.
(rerunfilecheck)                Rerun to get outlines right
(rerunfilecheck)                or use package `bookmark'.


Package biblatex Warning: Please (re)run BibTeX on the file(s):
(biblatex)                main_datn
(biblatex)                and rerun LaTeX afterwards.

 )
(see the transcript file for additional information)
pdfTeX warning (dest): name{table.caption.25} has been referenced but does not 
exist, replaced by a fixed one


pdfTeX warning (dest): name{table.caption.24} has been referenced but does not 
exist, replaced by a fixed one


pdfTeX warning (dest): name{table.caption.6} has been referenced but does not e
xist, replaced by a fixed one


pdfTeX warning (dest): name{figure.caption.28} has been referenced but does not
 exist, replaced by a fixed one


pdfTeX warning (dest): name{figure.caption.27} has been referenced but does not
 exist, replaced by a fixed one


pdfTeX warning (dest): name{figure.caption.8} has been referenced but does not 
exist, replaced by a fixed one


pdfTeX warning (dest): name{figure.caption.7} has been referenced but does not 
exist, replaced by a fixed one


pdfTeX warning (dest): name{section*.30} has been referenced but does not exist
, replaced by a fixed one


pdfTeX warning (dest): name{section*.29} has been referenced but does not exist
, replaced by a fixed one

</usr/local/texlive/2026/texmf-dist/fonts/type1/public/amsfonts/cm/cmmi12.pfb><
/usr/local/texlive/2026/texmf-dist/fonts/type1/public/amsfonts/cm/cmsy10.pfb></
usr/local/texlive/2026/texmf-dist/fonts/type1/vntex/urwvn/utmb8v.pfb></usr/loca
l/texlive/2026/texmf-dist/fonts/type1/urw/times/utmr8a.pfb></usr/local/texlive/
2026/texmf-dist/fonts/type1/vntex/urwvn/utmr8v.pfb></usr/local/texlive/2026/tex
mf-dist/fonts/type1/vntex/urwvn/utmri8v.pfb>
Output written on build/main_datn.pdf (37 pages, 480250 bytes).
SyncTeX written on build/main_datn.synctex.gz.
Transcript written on build/main_datn.log.
Latexmk: Getting log file 'build/main_datn.log'
Latexmk: Examining 'build/main_datn.fls'
Latexmk: Examining 'build/main_datn.log'
Latexmk: Found input bbl file 'build/main_datn.bbl'
Latexmk: References changed.
Latexmk: References changed.
Latexmk: Log file says output to 'build/main_datn.pdf'
Latexmk: Using bibtex to make bibliography file(s).
  ===Source file 'build/main_datn.bbl' for 'pdflatex'
Latexmk: Found bibliography file(s):
  ./reference.bib
  build/main_datn-blx.bib
Latexmk: applying rule 'bibtex build/main_datn'...
Rule 'bibtex build/main_datn':  Reasons for rerun
Changed files or newly in use/created:
  build/main_datn.aux

------------
Run number 2 of rule 'bibtex build/main_datn'
------------
====== ENV{BIBINPUTS} changed to '/Users/duongtphuongthao/Documents/DATN/smart-supply-chain/SOICT_DATN_Application_ENG_Template:build:/Users/duongtphuongthao/Documents/DATN/smart-supply-chain/SOICT_DATN_Application_ENG_Template/build:'
Latexmk: Change directory to 'build/'.
To assist finding of files in document directory, I set
  BIBINPUTS='/Users/duongtphuongthao/Documents/DATN/smart-supply-chain/SOICT_DATN_Application_ENG_Template:build:/Users/duongtphuongthao/Documents/DATN/smart-supply-chain/SOICT_DATN_Application_ENG_Template/build:'
  BSTINPUTS='/Users/duongtphuongthao/Documents/DATN/smart-supply-chain/SOICT_DATN_Application_ENG_Template:'.
------------
Running 'bibtex  "main_datn.aux"'
------------
This is BibTeX, Version 0.99e (TeX Live 2026)
The top-level auxiliary file: main_datn.aux
The style file: biblatex.bst
Database file #1: main_datn-blx.bib
Database file #2: reference.bib
Warning--I didn't find a database entry for "..."
Biblatex version: 3.21
(There was 1 warning)
Latexmk: Change directory back to '/Users/duongtphuongthao/Documents/DATN/smart-supply-chain/SOICT_DATN_Application_ENG_Template'
Latexmk: applying rule 'pdflatex'...
Rule 'pdflatex':  Reasons for rerun
Changed files or newly in use/created:
  build/main_datn.aux
  build/main_datn.lof
  build/main_datn.lot
  build/main_datn.out
  build/main_datn.run.xml
  build/main_datn.toc

------------
Run number 3 of rule 'pdflatex'
------------
------------
Running 'pdflatex -interaction=nonstopmode -synctex=1  -interaction=nonstopmode -recorder -output-directory="build"  "main_datn.tex"'
------------
This is pdfTeX, Version 3.141592653-2.6-1.40.29 (TeX Live 2026) (preloaded format=pdflatex)
 restricted \write18 enabled.
entering extended mode
(./main_datn.tex
LaTeX2e <2025-11-01>
L3 programming layer <2026-01-19>
(/usr/local/texlive/2026/texmf-dist/tex/latex/base/report.cls
Document Class: report 2025/01/22 v1.4n Standard LaTeX document class
(/usr/local/texlive/2026/texmf-dist/tex/latex/base/size10.clo))
(/usr/local/texlive/2026/texmf-dist/tex/latex/koma-script/scrextend.sty
(/usr/local/texlive/2026/texmf-dist/tex/latex/koma-script/scrkbase.sty
(/usr/local/texlive/2026/texmf-dist/tex/latex/koma-script/scrbase.sty
(/usr/local/texlive/2026/texmf-dist/tex/latex/koma-script/scrlfile.sty
(/usr/local/texlive/2026/texmf-dist/tex/latex/koma-script/scrlfile-hook.sty
(/usr/local/texlive/2026/texmf-dist/tex/latex/koma-script/scrlogo.sty)))
(/usr/local/texlive/2026/texmf-dist/tex/latex/graphics/keyval.sty))))

LaTeX Font Warning: Font shape `OT1/cmr/m/n' in size <13> not available
(Font)              size <12> substituted on input line 10.

(/usr/local/texlive/2026/texmf-dist/tex/latex/vntex/vietnam.sty
(/usr/local/texlive/2026/texmf-dist/tex/latex/base/ifthen.sty)
(/usr/local/texlive/2026/texmf-dist/tex/latex/base/fontenc.sty
(/usr/local/texlive/2026/texmf-dist/tex/latex/vntex/t5enc.def
(/usr/local/texlive/2026/texmf-dist/tex/latex/vntex/t5enc.dfu))
(/usr/local/texlive/2026/texmf-dist/tex/latex/vntex/t5cmr.fd))
(/usr/local/texlive/2026/texmf-dist/tex/latex/base/inputenc.sty)
(/usr/local/texlive/2026/texmf-dist/tex/latex/vntex/vncaps.tex))
(/usr/local/texlive/2026/texmf-dist/tex/latex/geometry/geometry.sty
(/usr/local/texlive/2026/texmf-dist/tex/generic/iftex/ifvtex.sty
(/usr/local/texlive/2026/texmf-dist/tex/generic/iftex/iftex.sty)))
(/usr/local/texlive/2026/texmf-dist/tex/latex/graphics/graphicx.sty
(/usr/local/texlive/2026/texmf-dist/tex/latex/graphics/graphics.sty
(/usr/local/texlive/2026/texmf-dist/tex/latex/graphics/trig.sty)
(/usr/local/texlive/2026/texmf-dist/tex/latex/graphics-cfg/graphics.cfg)
(/usr/local/texlive/2026/texmf-dist/tex/latex/graphics-def/pdftex.def)))
(/usr/local/texlive/2026/texmf-dist/tex/latex/fancybox/fancybox.sty
Style option: `fancybox' v1.4 <2010/05/15> (tvz)
) (/usr/local/texlive/2026/texmf-dist/tex/latex/tools/indentfirst.sty)
(/usr/local/texlive/2026/texmf-dist/tex/latex/amscls/amsthm.sty)
(/usr/local/texlive/2026/texmf-dist/tex/latex/base/latexsym.sty)
(/usr/local/texlive/2026/texmf-dist/tex/latex/amsmath/amsmath.sty
For additional information on amsmath, use the `?' option.
(/usr/local/texlive/2026/texmf-dist/tex/latex/amsmath/amstext.sty
(/usr/local/texlive/2026/texmf-dist/tex/latex/amsmath/amsgen.sty))
(/usr/local/texlive/2026/texmf-dist/tex/latex/amsmath/amsbsy.sty)
(/usr/local/texlive/2026/texmf-dist/tex/latex/amsmath/amsopn.sty))
(/usr/local/texlive/2026/texmf-dist/tex/latex/amsfonts/amssymb.sty
(/usr/local/texlive/2026/texmf-dist/tex/latex/amsfonts/amsfonts.sty))
(/usr/local/texlive/2026/texmf-dist/tex/latex/psnfss/times.sty)
(/usr/local/texlive/2026/texmf-dist/tex/latex/tools/array.sty)
(/usr/local/texlive/2026/texmf-dist/tex/latex/enumitem/enumitem.sty)
(/usr/local/texlive/2026/texmf-dist/tex/latex/subfiles/subfiles.sty
(/usr/local/texlive/2026/texmf-dist/tex/latex/import/import.sty))
(/usr/local/texlive/2026/texmf-dist/tex/latex/titlesec/titlesec.sty)
(/usr/local/texlive/2026/texmf-dist/tex/latex/titlesec/titletoc.sty)
(/usr/local/texlive/2026/texmf-dist/tex/latex/chngcntr/chngcntr.sty)
(/usr/local/texlive/2026/texmf-dist/tex/latex/pdflscape/pdflscape.sty
(/usr/local/texlive/2026/texmf-dist/tex/latex/pdflscape/pdflscape-nometadata.st
y (/usr/local/texlive/2026/texmf-dist/tex/latex/graphics/lscape.sty)))
(/usr/local/texlive/2026/texmf-dist/tex/latex/tools/afterpage.sty)
(/usr/local/texlive/2026/texmf-dist/tex/latex/algorithm2e/algorithm2e.sty
(/usr/local/texlive/2026/texmf-dist/tex/latex/ifoddpage/ifoddpage.sty)
(/usr/local/texlive/2026/texmf-dist/tex/latex/tools/xspace.sty)
(/usr/local/texlive/2026/texmf-dist/tex/latex/relsize/relsize.sty))
(/usr/local/texlive/2026/texmf-dist/tex/latex/capt-of/capt-of.sty)
(/usr/local/texlive/2026/texmf-dist/tex/latex/multirow/multirow.sty)
(/usr/local/texlive/2026/texmf-dist/tex/latex/fancyhdr/fancyhdr.sty)
(/usr/local/texlive/2026/texmf-dist/tex/latex/appendix/appendix.sty)
(/usr/local/texlive/2026/texmf-dist/tex/latex/outlines/outlines.sty)
(/usr/local/texlive/2026/texmf-dist/tex/latex/caption/caption.sty
(/usr/local/texlive/2026/texmf-dist/tex/latex/caption/caption3.sty))
(/usr/local/texlive/2026/texmf-dist/tex/latex/listings/listings.sty
(/usr/local/texlive/2026/texmf-dist/tex/latex/listings/lstpatch.sty)
(/usr/local/texlive/2026/texmf-dist/tex/latex/listings/lstmisc.sty)
(/usr/local/texlive/2026/texmf-dist/tex/latex/listings/listings.cfg))
==> First Aid for listings.sty no longer applied!
    Expected:
        2024/09/23 1.10c (Carsten Heinz)
    but found:
        2025/11/14 1.11b (Carsten Heinz)
    so I'm assuming it got fixed.
(/usr/local/texlive/2026/texmf-dist/tex/latex/float/float.sty)
(/usr/local/texlive/2026/texmf-dist/tex/latex/caption/subcaption.sty)
(/usr/local/texlive/2026/texmf-dist/tex/latex/xurl/xurl.sty
(/usr/local/texlive/2026/texmf-dist/tex/latex/url/url.sty))
(/usr/local/texlive/2026/texmf-dist/tex/latex/tools/longtable.sty)
(/usr/local/texlive/2026/texmf-dist/tex/latex/booktabs/booktabs.sty)
(/usr/local/texlive/2026/texmf-dist/tex/latex/glossaries/base/glossaries.sty
(/usr/local/texlive/2026/texmf-dist/tex/latex/xkeyval/xkeyval.sty
(/usr/local/texlive/2026/texmf-dist/tex/generic/xkeyval/xkeyval.tex
(/usr/local/texlive/2026/texmf-dist/tex/generic/xkeyval/xkvutils.tex)))
(/usr/local/texlive/2026/texmf-dist/tex/latex/mfirstuc/mfirstuc.sty
(/usr/local/texlive/2026/texmf-dist/tex/latex/etoolbox/etoolbox.sty))
(/usr/local/texlive/2026/texmf-dist/tex/latex/xfor/xfor.sty)
(/usr/local/texlive/2026/texmf-dist/tex/latex/datatool/datatool-base.sty
(/usr/local/texlive/2026/texmf-dist/tex/latex/tracklang/tracklang.sty
(/usr/local/texlive/2026/texmf-dist/tex/generic/tracklang/tracklang.tex))
(/usr/local/texlive/2026/texmf-dist/tex/latex/datatool/datatool-l3fp.def)
(/usr/local/texlive/2026/texmf-dist/tex/latex/datatool/datatool-utf8.ldf))
(/usr/local/texlive/2026/texmf-dist/tex/latex/glossaries/styles/glossary-hypern
av.sty)
(/usr/local/texlive/2026/texmf-dist/tex/latex/glossaries/styles/glossary-list.s
ty)
(/usr/local/texlive/2026/texmf-dist/tex/latex/glossaries/styles/glossary-long.s
ty)
(/usr/local/texlive/2026/texmf-dist/tex/latex/glossaries/styles/glossary-super.
sty (/usr/local/texlive/2026/texmf-dist/tex/latex/supertabular/supertabular.sty
))
(/usr/local/texlive/2026/texmf-dist/tex/latex/glossaries/styles/glossary-tree.s
ty))
(/usr/local/texlive/2026/texmf-dist/tex/latex/glossaries/styles/glossary-superr
agged.sty) (/usr/local/texlive/2026/texmf-dist/tex/latex/setspace/setspace.sty)
 (/usr/local/texlive/2026/texmf-dist/tex/latex/parskip/parskip.sty
(/usr/local/texlive/2026/texmf-dist/tex/latex/kvoptions/kvoptions.sty
(/usr/local/texlive/2026/texmf-dist/tex/generic/ltxcmds/ltxcmds.sty)
(/usr/local/texlive/2026/texmf-dist/tex/latex/kvsetkeys/kvsetkeys.sty)))
(/usr/local/texlive/2026/texmf-dist/tex/latex/koma-script/tocbasic.sty)
(/usr/local/texlive/2026/texmf-dist/tex/latex/blindtext/blindtext.sty)
(/usr/local/texlive/2026/texmf-dist/tex/latex/biblatex/biblatex.sty
(/usr/local/texlive/2026/texmf-dist/tex/generic/pdftexcmds/pdftexcmds.sty
(/usr/local/texlive/2026/texmf-dist/tex/generic/infwarerr/infwarerr.sty))
(/usr/local/texlive/2026/texmf-dist/tex/latex/logreq/logreq.sty
(/usr/local/texlive/2026/texmf-dist/tex/latex/logreq/logreq.def))
(/usr/local/texlive/2026/texmf-dist/tex/latex/biblatex/blx-dm.def)
(/usr/local/texlive/2026/texmf-dist/tex/latex/biblatex/blx-compat.def)
(/usr/local/texlive/2026/texmf-dist/tex/latex/biblatex/blx-bibtex.def

Package biblatex Warning: Using fall-back bibtex backend:
(biblatex)                functionality may be reduced/unavailable.

) (/usr/local/texlive/2026/texmf-dist/tex/latex/biblatex/biblatex.def)
(/usr/local/texlive/2026/texmf-dist/tex/latex/biblatex-ieee/ieee.bbx
(/usr/local/texlive/2026/texmf-dist/tex/latex/biblatex/bbx/numeric-comp.bbx
(/usr/local/texlive/2026/texmf-dist/tex/latex/biblatex/bbx/numeric.bbx
(/usr/local/texlive/2026/texmf-dist/tex/latex/biblatex/bbx/standard.bbx))))
(/usr/local/texlive/2026/texmf-dist/tex/latex/biblatex-ieee/ieee.cbx
(/usr/local/texlive/2026/texmf-dist/tex/latex/biblatex/cbx/numeric-verb.cbx))
(/usr/local/texlive/2026/texmf-dist/tex/latex/biblatex/biblatex.cfg)
(/usr/local/texlive/2026/texmf-dist/tex/latex/l3kernel/expl3.sty
(/usr/local/texlive/2026/texmf-dist/tex/latex/l3backend/l3backend-pdftex.def))
(/usr/local/texlive/2026/texmf-dist/tex/latex/biblatex/blx-case-expl3.sty
(/usr/local/texlive/2026/texmf-dist/tex/latex/l3packages/xparse/xparse.sty)))

LaTeX Warning: \include should only be used after \begin{document} on input lin
e 69.

(./lstlisting.tex
(/usr/local/texlive/2026/texmf-dist/tex/latex/xcolor/xcolor.sty
(/usr/local/texlive/2026/texmf-dist/tex/latex/graphics-cfg/color.cfg)
(/usr/local/texlive/2026/texmf-dist/tex/latex/graphics/mathcolor.ltx)))
(./glossary.tex)
(/usr/local/texlive/2026/texmf-dist/tex/latex/hyperref/hyperref.sty
(/usr/local/texlive/2026/texmf-dist/tex/generic/kvdefinekeys/kvdefinekeys.sty)
(/usr/local/texlive/2026/texmf-dist/tex/generic/pdfescape/pdfescape.sty)
(/usr/local/texlive/2026/texmf-dist/tex/latex/hycolor/hycolor.sty)
(/usr/local/texlive/2026/texmf-dist/tex/latex/hyperref/nameref.sty
(/usr/local/texlive/2026/texmf-dist/tex/latex/refcount/refcount.sty)
(/usr/local/texlive/2026/texmf-dist/tex/generic/gettitlestring/gettitlestring.s
ty)) (/usr/local/texlive/2026/texmf-dist/tex/generic/stringenc/stringenc.sty)
(/usr/local/texlive/2026/texmf-dist/tex/latex/hyperref/pd1enc.def)
(/usr/local/texlive/2026/texmf-dist/tex/generic/intcalc/intcalc.sty)
(/usr/local/texlive/2026/texmf-dist/tex/latex/hyperref/puenc.def)
(/usr/local/texlive/2026/texmf-dist/tex/generic/bitset/bitset.sty
(/usr/local/texlive/2026/texmf-dist/tex/generic/bigintcalc/bigintcalc.sty)))
(/usr/local/texlive/2026/texmf-dist/tex/latex/hyperref/hpdftex.def
(/usr/local/texlive/2026/texmf-dist/tex/latex/rerunfilecheck/rerunfilecheck.sty

(/usr/local/texlive/2026/texmf-dist/tex/generic/uniquecounter/uniquecounter.sty
))) (/usr/local/texlive/2026/texmf-dist/tex/latex/hypcap/hypcap.sty
(/usr/local/texlive/2026/texmf-dist/tex/latex/letltxmacro/letltxmacro.sty))
(/usr/local/texlive/2026/texmf-dist/tex/latex/vntex/t5ptm.fd)

LaTeX Warning: Unused global option(s):
    [13pt,3p].

(build/main_datn.aux)
*geometry* driver: auto-detecting
*geometry* detected driver: pdftex
(/usr/local/texlive/2026/texmf-dist/tex/context/base/mkii/supp-pdf.mkii
[Loading MPS to PDF converter (version 2006.09.02).]
) (/usr/local/texlive/2026/texmf-dist/tex/latex/epstopdf-pkg/epstopdf-base.sty
(/usr/local/texlive/2026/texmf-dist/tex/latex/grfext/grfext.sty)
(/usr/local/texlive/2026/texmf-dist/tex/latex/latexconfig/epstopdf-sys.cfg))
(/usr/local/texlive/2026/texmf-dist/tex/latex/caption/ltcaption.sty)
(/usr/local/texlive/2026/texmf-dist/tex/latex/biblatex/lbx/english.lbx)
(build/main_datn.bbl) (build/main_datn.out) (build/main_datn.out) (./Cover.tex

LaTeX Font Warning: Font shape `OT1/cmr/m/n' in size <6.5> not available
(Font)              size <6> substituted on input line 41.


LaTeX Font Warning: Font shape `OML/cmm/m/it' in size <13> not available
(Font)              size <12> substituted on input line 41.


LaTeX Font Warning: Font shape `OML/cmm/m/it' in size <6.5> not available
(Font)              size <6> substituted on input line 41.


LaTeX Font Warning: Font shape `OMS/cmsy/m/n' in size <13> not available
(Font)              size <12> substituted on input line 41.


LaTeX Font Warning: Font shape `OMS/cmsy/m/n' in size <6.5> not available
(Font)              size <6> substituted on input line 41.

(/usr/local/texlive/2026/texmf-dist/tex/latex/base/ulasy.fd)

LaTeX Font Warning: Font shape `U/lasy/m/n' in size <13> not available
(Font)              size <12> substituted on input line 41.


LaTeX Font Warning: Font shape `U/lasy/m/n' in size <6.5> not available
(Font)              size <6> substituted on input line 41.

(/usr/local/texlive/2026/texmf-dist/tex/latex/amsfonts/umsa.fd)
(/usr/local/texlive/2026/texmf-dist/tex/latex/amsfonts/umsb.fd) [1{/usr/local/t
exlive/2026/texmf-var/fonts/map/pdftex/updmap/pdftex.map}{/usr/local/texlive/20
26/texmf-dist/fonts/enc/dvips/vntex/t5.enc}]) (./Cover2.tex
pdfTeX warning (ext4): destination with the same identifier (name{page.1}) has 
been already used, duplicate ignored
<to be read again> 
                   \relax 
l.44 \end{titlepage}
                     [1]) (./NoiDung/00_acknowledgment.tex) [1]
(./NoiDung/00_abstract.tex) [2] (build/main_datn.toc
Underfull \vbox (badness 5533) has occurred while \output is active
pdfTeX warning (ext4): destination with the same identifier (name{page.i}) has 
been already used, duplicate ignored
<to be read again> 
                   \relax 
l.32 ...cation and Authorization}{10}{section.3.5}
                                                  % [1]
Underfull \vbox (badness 10000) has occurred while \output is active
pdfTeX warning (ext4): destination with the same identifier (name{page.ii}) has
 been already used, duplicate ignored
<to be read again> 
                   \relax 
l.60 ...L USE CASE DESCRIPTIONS}{26}{appendix.1.A}
                                                  % [2]) [3] [4]
(build/main_datn.lof) [5] (build/main_datn.lot)

Package glossaries Warning: Empty glossary for \printnoidxglossary[type={main}]
. Rerun may be required (or you may have forgotten to use commands like \gls) o
n input line 185.


Package glossaries Info: Preparing to sort glossary `acronym' (total number of
(glossaries)             referenced entries: 5)

[6] [7]
CHAPTER 1.
(./NoiDung/01_introduction.tex)
pdfTeX warning (ext4): destination with the same identifier (name{page.1}) has 
been already used, duplicate ignored
<to be read again> 
                   \relax 
l.200 \newpage
               [1]
CHAPTER 2.
(./NoiDung/02_survey.tex
Underfull \vbox (badness 10000) has occurred while \output is active [2]

Package fancyhdr Warning: \headheight is too small (10.0pt): 
(fancyhdr)                Make it at least 15.59995pt, for example:
(fancyhdr)                \setlength{\headheight}{15.59995pt}.
(fancyhdr)                You might also make \topmargin smaller:
(fancyhdr)                \addtolength{\topmargin}{-5.59995pt}.

[3 <./Figure/diagrams/usecase_general.png>]
Underfull \vbox (badness 10000) has occurred while \output is active

Package fancyhdr Warning: \headheight is too small (10.0pt): 
(fancyhdr)                Make it at least 15.59995pt, for example:
(fancyhdr)                \setlength{\headheight}{15.59995pt}.
(fancyhdr)                You might also make \topmargin smaller:
(fancyhdr)                \addtolength{\topmargin}{-5.59995pt}.

[4 <./Figure/diagrams/usecase_purchasing.png>]
Underfull \vbox (badness 10000) has occurred while \output is active

Package fancyhdr Warning: \headheight is too small (10.0pt): 
(fancyhdr)                Make it at least 15.59995pt, for example:
(fancyhdr)                \setlength{\headheight}{15.59995pt}.
(fancyhdr)                You might also make \topmargin smaller:
(fancyhdr)                \addtolength{\topmargin}{-5.59995pt}.

[5 <./Figure/diagrams/usecase_sales.png>]
Underfull \vbox (badness 10000) has occurred while \output is active

Package fancyhdr Warning: \headheight is too small (10.0pt): 
(fancyhdr)                Make it at least 15.59995pt, for example:
(fancyhdr)                \setlength{\headheight}{15.59995pt}.
(fancyhdr)                You might also make \topmargin smaller:
(fancyhdr)                \addtolength{\topmargin}{-5.59995pt}.

[6 <./Figure/diagrams/usecase_warehouse.png>]
Underfull \vbox (badness 10000) has occurred while \output is active

Package fancyhdr Warning: \headheight is too small (10.0pt): 
(fancyhdr)                Make it at least 15.59995pt, for example:
(fancyhdr)                \setlength{\headheight}{15.59995pt}.
(fancyhdr)                You might also make \topmargin smaller:
(fancyhdr)                \addtolength{\topmargin}{-5.59995pt}.

[7 <./Figure/diagrams/usecase_delivery.png>]
Underfull \vbox (badness 2573) has occurred while \output is active

Package fancyhdr Warning: \headheight is too small (10.0pt): 
(fancyhdr)                Make it at least 15.59995pt, for example:
(fancyhdr)                \setlength{\headheight}{15.59995pt}.
(fancyhdr)                You might also make \topmargin smaller:
(fancyhdr)                \addtolength{\topmargin}{-5.59995pt}.

[8 <./Figure/diagrams/activity_procure_to_stock.png> <./Figure/diagrams/activit
y_order_to_cash.png>]
(/usr/local/texlive/2026/texmf-dist/tex/latex/psnfss/ts1ptm.fd))

Package fancyhdr Warning: \headheight is too small (10.0pt): 
(fancyhdr)                Make it at least 15.59995pt, for example:
(fancyhdr)                \setlength{\headheight}{15.59995pt}.
(fancyhdr)                You might also make \topmargin smaller:
(fancyhdr)                \addtolength{\topmargin}{-5.59995pt}.

[9{/usr/local/texlive/2026/texmf-dist/fonts/enc/dvips/base/8r.enc}]
CHAPTER 3.
(./NoiDung/03_background.tex

LaTeX Warning: Citation '...' on page 10 undefined on input line 11.

) [10]
CHAPTER 4.
(./NoiDung/04_design_impl.tex
Underfull \vbox (badness 10000) has occurred while \output is active [11]

Package fancyhdr Warning: \headheight is too small (10.0pt): 
(fancyhdr)                Make it at least 15.59995pt, for example:
(fancyhdr)                \setlength{\headheight}{15.59995pt}.
(fancyhdr)                You might also make \topmargin smaller:
(fancyhdr)                \addtolength{\topmargin}{-5.59995pt}.

[12 <./Figure/diagrams/architecture.png>]
Underfull \vbox (badness 10000) has occurred while \output is active

Package fancyhdr Warning: \headheight is too small (10.0pt): 
(fancyhdr)                Make it at least 15.59995pt, for example:
(fancyhdr)                \setlength{\headheight}{15.59995pt}.
(fancyhdr)                You might also make \topmargin smaller:
(fancyhdr)                \addtolength{\topmargin}{-5.59995pt}.

[13 <./Figure/diagrams/package_diagram.png>]
Underfull \vbox (badness 10000) has occurred while \output is active

Package fancyhdr Warning: \headheight is too small (10.0pt): 
(fancyhdr)                Make it at least 15.59995pt, for example:
(fancyhdr)                \setlength{\headheight}{15.59995pt}.
(fancyhdr)                You might also make \topmargin smaller:
(fancyhdr)                \addtolength{\topmargin}{-5.59995pt}.

[14 <./Figure/diagrams/class_inbound.png> <./Figure/diagrams/class_outbound.png
>]
Underfull \vbox (badness 10000) has occurred while \output is active

Package fancyhdr Warning: \headheight is too small (10.0pt): 
(fancyhdr)                Make it at least 15.59995pt, for example:
(fancyhdr)                \setlength{\headheight}{15.59995pt}.
(fancyhdr)                You might also make \topmargin smaller:
(fancyhdr)                \addtolength{\topmargin}{-5.59995pt}.

[15 <./Figure/diagrams/class_delivery.png>]
Underfull \vbox (badness 10000) has occurred while \output is active

Package fancyhdr Warning: \headheight is too small (10.0pt): 
(fancyhdr)                Make it at least 15.59995pt, for example:
(fancyhdr)                \setlength{\headheight}{15.59995pt}.
(fancyhdr)                You might also make \topmargin smaller:
(fancyhdr)                \addtolength{\topmargin}{-5.59995pt}.

[16 <./Figure/diagrams/class_detail_key.png>]
Underfull \vbox (badness 10000) has occurred while \output is active

Package fancyhdr Warning: \headheight is too small (10.0pt): 
(fancyhdr)                Make it at least 15.59995pt, for example:
(fancyhdr)                \setlength{\headheight}{15.59995pt}.
(fancyhdr)                You might also make \topmargin smaller:
(fancyhdr)                \addtolength{\topmargin}{-5.59995pt}.

[17 <./Figure/diagrams/seq_so_gi_fefo.png> <./Figure/diagrams/seq_po_gr.png>]
Underfull \vbox (badness 10000) has occurred while \output is active

Package fancyhdr Warning: \headheight is too small (10.0pt): 
(fancyhdr)                Make it at least 15.59995pt, for example:
(fancyhdr)                \setlength{\headheight}{15.59995pt}.
(fancyhdr)                You might also make \topmargin smaller:
(fancyhdr)                \addtolength{\topmargin}{-5.59995pt}.

[18 <./Figure/diagrams/seq_delivery_trip.png> <./Figure/diagrams/er_diagram.png
>]
Overfull \hbox (93.52031pt too wide) in paragraph at lines 109--116
 [][] 

Package fancyhdr Warning: \headheight is too small (10.0pt): 
(fancyhdr)                Make it at least 15.59995pt, for example:
(fancyhdr)                \setlength{\headheight}{15.59995pt}.
(fancyhdr)                You might also make \topmargin smaller:
(fancyhdr)                \addtolength{\topmargin}{-5.59995pt}.

[19])

Package fancyhdr Warning: \headheight is too small (10.0pt): 
(fancyhdr)                Make it at least 15.59995pt, for example:
(fancyhdr)                \setlength{\headheight}{15.59995pt}.
(fancyhdr)                You might also make \topmargin smaller:
(fancyhdr)                \addtolength{\topmargin}{-5.59995pt}.

[20 <./Figure/diagrams/deployment.png>]
CHAPTER 5.
(./NoiDung/05_contribution.tex
Underfull \vbox (badness 10000) has occurred while \output is active [21]
Underfull \vbox (badness 10000) has occurred while \output is active

Package fancyhdr Warning: \headheight is too small (10.0pt): 
(fancyhdr)                Make it at least 15.59995pt, for example:
(fancyhdr)                \setlength{\headheight}{15.59995pt}.
(fancyhdr)                You might also make \topmargin smaller:
(fancyhdr)                \addtolength{\topmargin}{-5.59995pt}.

[22 <./Figure/diagrams/flowchart_fefo.png>])

Package fancyhdr Warning: \headheight is too small (10.0pt): 
(fancyhdr)                Make it at least 15.59995pt, for example:
(fancyhdr)                \setlength{\headheight}{15.59995pt}.
(fancyhdr)                You might also make \topmargin smaller:
(fancyhdr)                \addtolength{\topmargin}{-5.59995pt}.

[23]
CHAPTER 6.
(./NoiDung/06_conclusion.tex) [24]

LaTeX Warning: Empty bibliography on input line 228.

[25]
Ph\d {u} l\d {u}c A.
(./NoiDung/07_appendix.tex) [26] (build/main_datn.aux)

LaTeX Font Warning: Size substitutions with differences
(Font)              up to 1.0pt have occurred.


LaTeX Warning: There were undefined references.


Package biblatex Warning: Please (re)run BibTeX on the file(s):
(biblatex)                main_datn
(biblatex)                and rerun LaTeX afterwards.

 )
(see the transcript file for additional information)</usr/local/texlive/2026/te
xmf-dist/fonts/type1/public/amsfonts/cm/cmmi12.pfb></usr/local/texlive/2026/tex
mf-dist/fonts/type1/public/amsfonts/cm/cmsy10.pfb></usr/local/texlive/2026/texm
f-dist/fonts/type1/vntex/urwvn/utmb8v.pfb></usr/local/texlive/2026/texmf-dist/f
onts/type1/urw/times/utmr8a.pfb></usr/local/texlive/2026/texmf-dist/fonts/type1
/vntex/urwvn/utmr8v.pfb></usr/local/texlive/2026/texmf-dist/fonts/type1/vntex/u
rwvn/utmri8v.pfb>
Output written on build/main_datn.pdf (37 pages, 480115 bytes).
SyncTeX written on build/main_datn.synctex.gz.
Transcript written on build/main_datn.log.
Latexmk: Getting log file 'build/main_datn.log'
Latexmk: Examining 'build/main_datn.fls'
Latexmk: Examining 'build/main_datn.log'
Latexmk: Found input bbl file 'build/main_datn.bbl'
Latexmk: Log file says output to 'build/main_datn.pdf'
Latexmk: Using bibtex to make bibliography file(s).
  ===Source file 'build/main_datn.bbl' for 'pdflatex'
Latexmk: Found bibliography file(s):
  ./reference.bib
  build/main_datn-blx.bib
Latexmk: Summary of warnings from last run of *latex:
  Latex failed to resolve 1 citation(s)
Latexmk: ====Problematic refs and citations with line #s in .tex file:
  Citation '...' on page 10 undefined on input line 11
Latexmk: All targets (build/main_datn.pdf) are up-to-date

